WARNING: Logging audit events without an event type definition will be deprecated soon.
See https://docs.gitlab.com/ee/development/audit_event_guide/#event-type-definitions
WARNING: Logging audit events without an event type definition will be deprecated soon.
See https://docs.gitlab.com/ee/development/audit_event_guide/#event-type-definitions
Creating scope :human. Overwriting existing method User.human.
Creating scope :group_view_details. Overwriting existing method User.group_view_details.
Creating scope :human. Overwriting existing method User.human.
Creating scope :group_view_details. Overwriting existing method User.group_view_details.
Raven 3.1.2 configured not to capture errors: DSN not set
Raven 3.1.2 configured not to capture errors: DSN not set
Creating scope :without_statuses. Overwriting existing method CommitStatus.without_statuses.
Creating scope :without_statuses. Overwriting existing method CommitStatus.without_statuses.
Creating scope :verification_succeeded. Overwriting existing method Ci::JobArtifact.verification_succeeded.
Creating scope :verification_succeeded. Overwriting existing method Ci::JobArtifact.verification_succeeded.
Creating scope :verification_failed. Overwriting existing method Ci::JobArtifact.verification_failed.
Creating scope :verification_failed. Overwriting existing method Ci::JobArtifact.verification_failed.
Creating scope :with_files_stored_locally. Overwriting existing method Ci::JobArtifact.with_files_stored_locally.
Creating scope :with_files_stored_remotely. Overwriting existing method Ci::JobArtifact.with_files_stored_remotely.
Creating scope :with_files_stored_locally. Overwriting existing method Ci::JobArtifact.with_files_stored_locally.
Creating scope :checksummed. Overwriting existing method Ci::JobArtifact.checksummed.
Creating scope :with_files_stored_remotely. Overwriting existing method Ci::JobArtifact.with_files_stored_remotely.
Creating scope :not_checksummed. Overwriting existing method Ci::JobArtifact.not_checksummed.
Creating scope :available_verifiables. Overwriting existing method Ci::JobArtifact.available_verifiables.
Creating scope :checksummed. Overwriting existing method Ci::JobArtifact.checksummed.
Creating scope :not_checksummed. Overwriting existing method Ci::JobArtifact.not_checksummed.
Creating scope :available_verifiables. Overwriting existing method Ci::JobArtifact.available_verifiables.
Creating scope :in_pipelines. Overwriting existing method Ci::Build.in_pipelines.
Creating scope :in_pipelines. Overwriting existing method Ci::Build.in_pipelines.
Creating scope :without_statuses. Overwriting existing method Ci::Pipeline.without_statuses.
Creating scope :verification_succeeded. Overwriting existing method ContainerRepository.verification_succeeded.
Creating scope :verification_failed. Overwriting existing method ContainerRepository.verification_failed.
Creating scope :checksummed. Overwriting existing method ContainerRepository.checksummed.
Creating scope :not_checksummed. Overwriting existing method ContainerRepository.not_checksummed.
Creating scope :available_verifiables. Overwriting existing method ContainerRepository.available_verifiables.
Creating scope :verification_succeeded. Overwriting existing method LfsObject.verification_succeeded.
Creating scope :verification_failed. Overwriting existing method LfsObject.verification_failed.
Creating scope :checksummed. Overwriting existing method LfsObject.checksummed.
Creating scope :not_checksummed. Overwriting existing method LfsObject.not_checksummed.
Creating scope :available_verifiables. Overwriting existing method LfsObject.available_verifiables.
Creating scope :verification_succeeded. Overwriting existing method MergeRequestDiff.verification_succeeded.
Creating scope :verification_failed. Overwriting existing method MergeRequestDiff.verification_failed.
Creating scope :available_replicables. Overwriting existing method MergeRequestDiff.available_replicables.
Creating scope :available_verifiables. Overwriting existing method MergeRequestDiff.available_verifiables.
Creating scope :checksummed. Overwriting existing method MergeRequestDiff.checksummed.
Creating scope :not_checksummed. Overwriting existing method MergeRequestDiff.not_checksummed.
Creating scope :verification_succeeded. Overwriting existing method Packages::PackageFile.verification_succeeded.
Creating scope :verification_failed. Overwriting existing method Packages::PackageFile.verification_failed.
Creating scope :verification_succeeded. Overwriting existing method Ci::PipelineArtifact.verification_succeeded.
Creating scope :verification_failed. Overwriting existing method Ci::PipelineArtifact.verification_failed.
Creating scope :verification_succeeded. Overwriting existing method Terraform::StateVersion.verification_succeeded.
Creating scope :verification_failed. Overwriting existing method Terraform::StateVersion.verification_failed.
Creating scope :verification_succeeded. Overwriting existing method Upload.verification_succeeded.
Creating scope :verification_failed. Overwriting existing method Upload.verification_failed.
Creating scope :checksummed. Overwriting existing method Upload.checksummed.
Creating scope :not_checksummed. Overwriting existing method Upload.not_checksummed.
Creating scope :available_verifiables. Overwriting existing method Upload.available_verifiables.
Creating scope :verification_succeeded. Overwriting existing method SnippetRepository.verification_succeeded.
Creating scope :verification_failed. Overwriting existing method SnippetRepository.verification_failed.
Creating scope :verification_succeeded. Overwriting existing method PagesDeployment.verification_succeeded.
Creating scope :verification_failed. Overwriting existing method PagesDeployment.verification_failed.
Creating scope :checksummed. Overwriting existing method PagesDeployment.checksummed.
Creating scope :not_checksummed. Overwriting existing method PagesDeployment.not_checksummed.
Creating scope :available_verifiables. Overwriting existing method PagesDeployment.available_verifiables.
Creating scope :verification_succeeded. Overwriting existing method Ci::SecureFile.verification_succeeded.
Creating scope :verification_failed. Overwriting existing method Ci::SecureFile.verification_failed.
Creating scope :checksummed. Overwriting existing method Ci::SecureFile.checksummed.
Creating scope :not_checksummed. Overwriting existing method Ci::SecureFile.not_checksummed.
Creating scope :available_verifiables. Overwriting existing method Ci::SecureFile.available_verifiables.
Creating scope :verification_succeeded. Overwriting existing method DependencyProxy::Blob.verification_succeeded.
Creating scope :verification_failed. Overwriting existing method DependencyProxy::Blob.verification_failed.
Creating scope :checksummed. Overwriting existing method DependencyProxy::Blob.checksummed.
Creating scope :not_checksummed. Overwriting existing method DependencyProxy::Blob.not_checksummed.
Creating scope :available_verifiables. Overwriting existing method DependencyProxy::Blob.available_verifiables.
Creating scope :without_protected. Overwriting existing method Environment.without_protected.
Creating scope :verification_succeeded. Overwriting existing method DependencyProxy::Manifest.verification_succeeded.
Creating scope :verification_failed. Overwriting existing method DependencyProxy::Manifest.verification_failed.
Creating scope :checksummed. Overwriting existing method DependencyProxy::Manifest.checksummed.
Creating scope :not_checksummed. Overwriting existing method DependencyProxy::Manifest.not_checksummed.
Creating scope :available_verifiables. Overwriting existing method DependencyProxy::Manifest.available_verifiables.
Creating scope :verification_succeeded. Overwriting existing method Projects::WikiRepository.verification_succeeded.
Creating scope :verification_failed. Overwriting existing method Projects::WikiRepository.verification_failed.
Creating scope :available_verifiables. Overwriting existing method Projects::WikiRepository.available_verifiables.
Creating scope :checksummed. Overwriting existing method Projects::WikiRepository.checksummed.
Creating scope :not_checksummed. Overwriting existing method Projects::WikiRepository.not_checksummed.
Creating scope :of_projects. Overwriting existing method MergeRequest.of_projects.
Creating scope :join_project. Overwriting existing method MergeRequest.join_project.
Creating scope :references_project. Overwriting existing method MergeRequest.references_project.
Creating scope :system. Overwriting existing method Note.system.
Creating scope :order_created_desc. Overwriting existing method Packages::Package.order_created_desc.
Creating scope :order_name_desc. Overwriting existing method Packages::Package.order_name_desc.
Creating scope :auth. Overwriting existing method Key.auth.
Creating scope :signing. Overwriting existing method Key.signing.
Creating scope :opened. Overwriting existing method Epic.opened.
Creating scope :closed. Overwriting existing method Epic.closed.
Creating scope :closed. Overwriting existing method Iteration.closed.
Creating scope :within_timeframe. Overwriting existing method Iteration.within_timeframe.
Creating scope :without_statuses. Overwriting existing method Ci::Pipeline.without_statuses.
Creating scope :without_protected. Overwriting existing method Environment.without_protected.
Creating scope :of_projects. Overwriting existing method MergeRequest.of_projects.
Creating scope :join_project. Overwriting existing method MergeRequest.join_project.
Creating scope :references_project. Overwriting existing method MergeRequest.references_project.
Creating scope :system. Overwriting existing method Note.system.
Creating scope :order_created_desc. Overwriting existing method Packages::Package.order_created_desc.
Creating scope :order_name_desc. Overwriting existing method Packages::Package.order_name_desc.
Creating scope :auth. Overwriting existing method Key.auth.
Creating scope :signing. Overwriting existing method Key.signing.
Creating scope :opened. Overwriting existing method Epic.opened.
Creating scope :closed. Overwriting existing method Epic.closed.
Creating scope :closed. Overwriting existing method Iteration.closed.
Creating scope :within_timeframe. Overwriting existing method Iteration.within_timeframe.
Creating scope :open. Overwriting existing method AbuseReport.open.
Creating scope :open. Overwriting existing method AbuseReport.open.
Creating scope :with_warnings. Overwriting existing method Security::Scan.with_warnings.
Creating scope :active. Overwriting existing method Clusters::AgentToken.active.
Creating scope :with_warnings. Overwriting existing method Security::Scan.with_warnings.
Creating scope :active. Overwriting existing method Clusters::AgentToken.active.
Creating scope :with_associations. Overwriting existing method Board.with_associations.
Creating scope :with_associations. Overwriting existing method Board.with_associations.
Creating scope :verification_succeeded. Overwriting existing method ContainerRepository.verification_succeeded.
Creating scope :verification_failed. Overwriting existing method ContainerRepository.verification_failed.
Creating scope :checksummed. Overwriting existing method ContainerRepository.checksummed.
Creating scope :not_checksummed. Overwriting existing method ContainerRepository.not_checksummed.
Creating scope :available_verifiables. Overwriting existing method ContainerRepository.available_verifiables.
Creating scope :verification_succeeded. Overwriting existing method DependencyProxy::Manifest.verification_succeeded.
Creating scope :verification_failed. Overwriting existing method DependencyProxy::Manifest.verification_failed.
Creating scope :checksummed. Overwriting existing method DependencyProxy::Manifest.checksummed.
Creating scope :not_checksummed. Overwriting existing method DependencyProxy::Manifest.not_checksummed.
Creating scope :available_verifiables. Overwriting existing method DependencyProxy::Manifest.available_verifiables.
Creating scope :movable. Overwriting existing method Boards::EpicList.movable.
Creating scope :movable. Overwriting existing method Boards::EpicList.movable.
Creating scope :open. Overwriting existing method AlertManagement::Alert.open.
Creating scope :open. Overwriting existing method AlertManagement::Alert.open.
Creating scope :verification_succeeded. Overwriting existing method Packages::PackageFile.verification_succeeded.
Creating scope :verification_failed. Overwriting existing method Packages::PackageFile.verification_failed.
Creating scope :open. Overwriting existing method IncidentManagement::IssuableEscalationStatus.open.
Creating scope :open. Overwriting existing method IncidentManagement::IssuableEscalationStatus.open.
Creating scope :without_statuses. Overwriting existing method Ci::Stage.without_statuses.
Creating scope :created. Overwriting existing method Ci::Stage.created.
Creating scope :pending. Overwriting existing method Ci::Stage.pending.
Creating scope :running. Overwriting existing method Ci::Stage.running.
Creating scope :success. Overwriting existing method Ci::Stage.success.
Creating scope :failed. Overwriting existing method Ci::Stage.failed.
Creating scope :canceled. Overwriting existing method Ci::Stage.canceled.
Creating scope :skipped. Overwriting existing method Ci::Stage.skipped.
Creating scope :manual. Overwriting existing method Ci::Stage.manual.
Creating scope :scheduled. Overwriting existing method Ci::Stage.scheduled.
Creating scope :preparing. Overwriting existing method Ci::Stage.preparing.
Creating scope :waiting_for_resource. Overwriting existing method Ci::Stage.waiting_for_resource.
Creating scope :without_statuses. Overwriting existing method Ci::Stage.without_statuses.
Creating scope :created. Overwriting existing method Ci::Stage.created.
Creating scope :pending. Overwriting existing method Ci::Stage.pending.
Creating scope :running. Overwriting existing method Ci::Stage.running.
Creating scope :success. Overwriting existing method Ci::Stage.success.
Creating scope :failed. Overwriting existing method Ci::Stage.failed.
Creating scope :canceled. Overwriting existing method Ci::Stage.canceled.
Creating scope :skipped. Overwriting existing method Ci::Stage.skipped.
Creating scope :manual. Overwriting existing method Ci::Stage.manual.
Creating scope :scheduled. Overwriting existing method Ci::Stage.scheduled.
Creating scope :preparing. Overwriting existing method Ci::Stage.preparing.
Creating scope :waiting_for_resource. Overwriting existing method Ci::Stage.waiting_for_resource.
Creating scope :order_name_asc. Overwriting existing method Label.order_name_asc.
Creating scope :order_name_desc. Overwriting existing method Label.order_name_desc.
Creating scope :order_name_asc. Overwriting existing method Label.order_name_asc.
Creating scope :order_name_desc. Overwriting existing method Label.order_name_desc.
Creating scope :verification_succeeded. Overwriting existing method Upload.verification_succeeded.
Creating scope :verification_failed. Overwriting existing method Upload.verification_failed.
Creating scope :checksummed. Overwriting existing method Upload.checksummed.
Creating scope :not_checksummed. Overwriting existing method Upload.not_checksummed.
Creating scope :available_verifiables. Overwriting existing method Upload.available_verifiables.
Creating scope :verification_succeeded. Overwriting existing method LfsObject.verification_succeeded.
Creating scope :verification_failed. Overwriting existing method LfsObject.verification_failed.
Creating scope :checksummed. Overwriting existing method LfsObject.checksummed.
Creating scope :not_checksummed. Overwriting existing method LfsObject.not_checksummed.
Creating scope :available_verifiables. Overwriting existing method LfsObject.available_verifiables.
Creating scope :verification_succeeded. Overwriting existing method MergeRequestDiff.verification_succeeded.
Creating scope :verification_failed. Overwriting existing method MergeRequestDiff.verification_failed.
Creating scope :available_replicables. Overwriting existing method MergeRequestDiff.available_replicables.
Creating scope :available_verifiables. Overwriting existing method MergeRequestDiff.available_verifiables.
Creating scope :checksummed. Overwriting existing method MergeRequestDiff.checksummed.
Creating scope :not_checksummed. Overwriting existing method MergeRequestDiff.not_checksummed.
Creating scope :verification_succeeded. Overwriting existing method Ci::PipelineArtifact.verification_succeeded.
Creating scope :verification_failed. Overwriting existing method Ci::PipelineArtifact.verification_failed.
Creating scope :verification_succeeded. Overwriting existing method Terraform::StateVersion.verification_succeeded.
Creating scope :verification_failed. Overwriting existing method Terraform::StateVersion.verification_failed.
Creating scope :verification_succeeded. Overwriting existing method SnippetRepository.verification_succeeded.
Creating scope :verification_failed. Overwriting existing method SnippetRepository.verification_failed.
Creating scope :verification_succeeded. Overwriting existing method PagesDeployment.verification_succeeded.
Creating scope :verification_failed. Overwriting existing method PagesDeployment.verification_failed.
Creating scope :checksummed. Overwriting existing method PagesDeployment.checksummed.
Creating scope :not_checksummed. Overwriting existing method PagesDeployment.not_checksummed.
Creating scope :available_verifiables. Overwriting existing method PagesDeployment.available_verifiables.
Creating scope :verification_succeeded. Overwriting existing method Ci::SecureFile.verification_succeeded.
Creating scope :verification_failed. Overwriting existing method Ci::SecureFile.verification_failed.
Creating scope :checksummed. Overwriting existing method Ci::SecureFile.checksummed.
Creating scope :not_checksummed. Overwriting existing method Ci::SecureFile.not_checksummed.
Creating scope :available_verifiables. Overwriting existing method Ci::SecureFile.available_verifiables.
Creating scope :verification_succeeded. Overwriting existing method DependencyProxy::Blob.verification_succeeded.
Creating scope :verification_failed. Overwriting existing method DependencyProxy::Blob.verification_failed.
Creating scope :checksummed. Overwriting existing method DependencyProxy::Blob.checksummed.
Creating scope :not_checksummed. Overwriting existing method DependencyProxy::Blob.not_checksummed.
Creating scope :available_verifiables. Overwriting existing method DependencyProxy::Blob.available_verifiables.
Creating scope :verification_succeeded. Overwriting existing method Projects::WikiRepository.verification_succeeded.
Creating scope :verification_failed. Overwriting existing method Projects::WikiRepository.verification_failed.
Creating scope :available_verifiables. Overwriting existing method Projects::WikiRepository.available_verifiables.
Creating scope :checksummed. Overwriting existing method Projects::WikiRepository.checksummed.
Creating scope :not_checksummed. Overwriting existing method Projects::WikiRepository.not_checksummed.
Creating scope :open. Overwriting existing method ExternalPullRequest.open.
Creating scope :not_expired. Overwriting existing method Member.not_expired.
Creating scope :order_name_asc. Overwriting existing method Member.order_name_asc.
Creating scope :order_name_desc. Overwriting existing method Member.order_name_desc.
Creating scope :with_logging_info. Overwriting existing method PagesDomain.with_logging_info.
Creating scope :open. Overwriting existing method ExternalPullRequest.open.
Creating scope :system. Overwriting existing method PrometheusMetric.system.
Creating scope :not_expired. Overwriting existing method Member.not_expired.
Creating scope :order_name_asc. Overwriting existing method Member.order_name_asc.
Creating scope :order_name_desc. Overwriting existing method Member.order_name_desc.
Creating scope :with_logging_info. Overwriting existing method PagesDomain.with_logging_info.
Creating scope :system. Overwriting existing method PrometheusMetric.system.
Creating scope :database. Overwriting existing method Ci::BuildTraceChunk.database.
Creating scope :database. Overwriting existing method Ci::BuildTraceChunk.database.
Creating scope :with_user. Overwriting existing method GroupMember.with_user.
Creating scope :reporters. Overwriting existing method GroupMember.reporters.
Creating scope :guests. Overwriting existing method GroupMember.guests.
Creating scope :with_user. Overwriting existing method GroupMember.with_user.
Creating scope :reporters. Overwriting existing method GroupMember.reporters.
Creating scope :guests. Overwriting existing method GroupMember.guests.
Creating scope :regular. Overwriting existing method EE::Gitlab::BackgroundMigration::MigrateApproverToApprovalRules::ApprovalMergeRequestRule.regular.
Creating scope :code_owner. Overwriting existing method EE::Gitlab::BackgroundMigration::MigrateApproverToApprovalRules::ApprovalMergeRequestRule.code_owner.
Creating scope :regular. Overwriting existing method EE::Gitlab::BackgroundMigration::MigrateApproverToApprovalRules::ApprovalMergeRequestRule.regular.
Creating scope :code_owner. Overwriting existing method EE::Gitlab::BackgroundMigration::MigrateApproverToApprovalRules::ApprovalMergeRequestRule.code_owner.
Creating scope :human. Overwriting existing method User.human.
Creating scope :group_view_details. Overwriting existing method User.group_view_details.
Creating scope :system. Overwriting existing method Gitlab::DatabaseImporters::CommonMetrics::PrometheusMetric.system.
Creating scope :system. Overwriting existing method Gitlab::DatabaseImporters::CommonMetrics::PrometheusMetric.system.
Raven 3.1.2 configured not to capture errors: DSN not set
Creating scope :extended. Overwriting existing method GitlabSubscription.extended.
Creating scope :extended. Overwriting existing method GitlabSubscription.extended.
Creating scope :gem. Overwriting existing method PackageMetadata::AffectedPackage.gem.
Creating scope :without_statuses. Overwriting existing method CommitStatus.without_statuses.
Creating scope :gem. Overwriting existing method PackageMetadata::AffectedPackage.gem.
Creating scope :gem. Overwriting existing method PackageMetadata::Checkpoint.gem.
Creating scope :gem. Overwriting existing method PackageMetadata::Checkpoint.gem.
Creating scope :gem. Overwriting existing method PackageMetadata::Package.gem.
Creating scope :gem. Overwriting existing method PackageMetadata::Package.gem.
Creating scope :verification_succeeded. Overwriting existing method Ci::JobArtifact.verification_succeeded.
Creating scope :verification_failed. Overwriting existing method Ci::JobArtifact.verification_failed.
Creating scope :with_files_stored_locally. Overwriting existing method Ci::JobArtifact.with_files_stored_locally.
Creating scope :with_files_stored_remotely. Overwriting existing method Ci::JobArtifact.with_files_stored_remotely.
Creating scope :checksummed. Overwriting existing method Ci::JobArtifact.checksummed.
Creating scope :not_checksummed. Overwriting existing method Ci::JobArtifact.not_checksummed.
Creating scope :available_verifiables. Overwriting existing method Ci::JobArtifact.available_verifiables.
Creating scope :in_pipelines. Overwriting existing method Ci::Build.in_pipelines.
Creating scope :order_created_desc. Overwriting existing method RequirementsManagement::Requirement.order_created_desc.
Creating scope :order_created_desc. Overwriting existing method RequirementsManagement::Requirement.order_created_desc.
Creating scope :order_created_asc. Overwriting existing method RequirementsManagement::Requirement.order_created_asc.
Creating scope :order_updated_desc. Overwriting existing method RequirementsManagement::Requirement.order_updated_desc.
Creating scope :order_updated_asc. Overwriting existing method RequirementsManagement::Requirement.order_updated_asc.
Creating scope :order_created_asc. Overwriting existing method RequirementsManagement::Requirement.order_created_asc.
Creating scope :order_updated_desc. Overwriting existing method RequirementsManagement::Requirement.order_updated_desc.
Creating scope :order_updated_asc. Overwriting existing method RequirementsManagement::Requirement.order_updated_asc.
Creating scope :gem. Overwriting existing method Sbom::Component.gem.
Creating scope :gem. Overwriting existing method Sbom::Component.gem.
Creating scope :runnable_schedules. Overwriting existing method Security::OrchestrationPolicyRuleSchedule.runnable_schedules.
Creating scope :runnable_schedules. Overwriting existing method Security::OrchestrationPolicyRuleSchedule.runnable_schedules.
Creating scope :without_statuses. Overwriting existing method Ci::Pipeline.without_statuses.
Creating scope :without_protected. Overwriting existing method Environment.without_protected.
Creating scope :of_projects. Overwriting existing method MergeRequest.of_projects.
Creating scope :join_project. Overwriting existing method MergeRequest.join_project.
Creating scope :references_project. Overwriting existing method MergeRequest.references_project.
Creating scope :system. Overwriting existing method Note.system.
Creating scope :order_created_desc. Overwriting existing method Packages::Package.order_created_desc.
Creating scope :order_name_desc. Overwriting existing method Packages::Package.order_name_desc.
Creating scope :auth. Overwriting existing method Key.auth.
Creating scope :signing. Overwriting existing method Key.signing.
Creating scope :opened. Overwriting existing method Epic.opened.
Creating scope :closed. Overwriting existing method Epic.closed.
Creating scope :closed. Overwriting existing method Iteration.closed.
Creating scope :within_timeframe. Overwriting existing method Iteration.within_timeframe.
WARNING: Logging audit events without an event type definition will be deprecated soon.
See https://docs.gitlab.com/ee/development/audit_event_guide/#event-type-definitions
