# Logfile created on 2023-06-16 06:12:14 +0000 by logger.rb/v1.4.3
[2023-06-16T06:12:15+00:00] INFO: Started Cinc Zero at chefzero://localhost:1 with repository at /opt/gitlab/embedded (One version per cookbook)
[2023-06-16T06:12:15+00:00] INFO: *** Cinc Client 17.10.0 ***
[2023-06-16T06:12:15+00:00] INFO: Platform: x86_64-linux
[2023-06-16T06:12:15+00:00] INFO: Cinc-client pid: 32
[2023-06-16T06:12:15+00:00] INFO: Setting the run_list to ["recipe[gitlab-ee]"] from CLI options
[2023-06-16T06:12:15+00:00] INFO: Run List is [recipe[gitlab-ee]]
[2023-06-16T06:12:15+00:00] INFO: Run List expands to [gitlab-ee]
[2023-06-16T06:12:15+00:00] INFO: Starting Cinc Client Run for gitlab.yangbaoyuan.cn
[2023-06-16T06:12:15+00:00] INFO: Running start handlers
[2023-06-16T06:12:15+00:00] INFO: Start handlers complete.
[2023-06-16T06:12:16+00:00] INFO: Loading cookbooks [gitlab-ee@0.0.1, package@0.1.0, gitlab@0.0.1, consul@0.1.0, patroni@0.1.0, pgbouncer@0.1.0, spamcheck@0.1.0, runit@5.1.7, logrotate@0.1.0, postgresql@0.1.0, redis@0.1.0, monitoring@0.1.0, registry@0.1.0, mattermost@0.1.0, gitaly@0.1.0, praefect@0.1.0, gitlab-kas@0.1.0, gitlab-pages@0.1.0, letsencrypt@0.1.0, nginx@0.1.0, acme@4.1.6, crond@0.1.0]
[2023-06-16T06:12:18+00:00] WARN: gitlab-rails does not have a log_group or default logdir mode defined. Setting to 0700.
[2023-06-16T06:12:18+00:00] INFO: Skipped selecting an init system because it was explicitly disabled
[2023-06-16T06:12:18+00:00] WARN: gitlab-shell does not have a log_group or default logdir mode defined. Setting to 0700.
[2023-06-16T06:12:18+00:00] WARN: gitlab-sshd does not have a log_group or default logdir mode defined. Setting to 0700.
[2023-06-16T06:12:18+00:00] WARN: logrotate does not have a log_group or default logdir mode defined. Setting to 0700.
[2023-06-16T06:12:18+00:00] WARN: logrotate does not have a log_group or default logdir mode defined. Setting to 0700.
[2023-06-16T06:12:18+00:00] WARN: puma does not have a log_group or default logdir mode defined. Setting to 0700.
[2023-06-16T06:12:18+00:00] WARN: gitlab-rails does not have a log_group or default logdir mode defined. Setting to 0700.
[2023-06-16T06:12:18+00:00] WARN: gitlab-shell does not have a log_group or default logdir mode defined. Setting to 0700.
[2023-06-16T06:12:18+00:00] WARN: gitlab-workhorse does not have a log_group or default logdir mode defined. Setting to 0700.
[2023-06-16T06:12:18+00:00] WARN: gitlab-pages does not have a log_group or default logdir mode defined. Setting to 0700.
[2023-06-16T06:12:18+00:00] WARN: gitlab-kas does not have a log_group or default logdir mode defined. Setting to 0700.
[2023-06-16T06:12:18+00:00] WARN: gitaly does not have a log_group or default logdir mode defined. Setting to 0700.
[2023-06-16T06:12:18+00:00] WARN: mailroom does not have a log_group or default logdir mode defined. Setting to 0700.
[2023-06-16T06:12:18+00:00] WARN: gitaly does not have a log_group or default logdir mode defined. Setting to 0700.
[2023-06-16T06:12:19+00:00] WARN: postgresql does not have a log_group or default logdir mode defined. Setting to 0700.
[2023-06-16T06:12:19+00:00] WARN: postgresql does not have a log_group or default logdir mode defined. Setting to 0700.
[2023-06-16T06:12:19+00:00] WARN: gitlab-kas does not have a log_group or default logdir mode defined. Setting to 0700.
[2023-06-16T06:12:19+00:00] WARN: crond does not have a log_group or default logdir mode defined. Setting to 0700.
[2023-06-16T06:12:19+00:00] WARN: puma does not have a log_group or default logdir mode defined. Setting to 0700.
[2023-06-16T06:12:19+00:00] WARN: sidekiq does not have a log_group or default logdir mode defined. Setting to 0700.
[2023-06-16T06:12:19+00:00] WARN: gitlab-workhorse does not have a log_group or default logdir mode defined. Setting to 0700.
[2023-06-16T06:12:19+00:00] WARN: registry does not have a log_group or default logdir mode defined. Setting to 0700.
[2023-06-16T06:12:19+00:00] WARN: gitlab-exporter does not have a log_group or default logdir mode defined. Setting to 0700.
[2023-06-16T06:12:19+00:00] WARN: redis-exporter does not have a log_group or default logdir mode defined. Setting to 0700.
[2023-06-16T06:12:19+00:00] WARN: prometheus does not have a log_group or default logdir mode defined. Setting to 0700.
[2023-06-16T06:12:19+00:00] WARN: alertmanager does not have a log_group or default logdir mode defined. Setting to 0700.
[2023-06-16T06:12:19+00:00] WARN: postgres-exporter does not have a log_group or default logdir mode defined. Setting to 0700.
[2023-06-16T06:12:20+00:00] WARN: only_if block for file[/var/opt/gitlab/gitlab-rails/etc/gitlab-registry.key] returned a string, did you mean to run a command?
[2023-06-16T06:12:21+00:00] WARN: only_if block for templatesymlink[Create a gitlab_pages_secret and create a symlink to Rails root] returned a string, did you mean to run a command?
[2023-06-16T06:12:21+00:00] WARN: only_if block for templatesymlink[Create a gitlab_kas_secret and create a symlink to Rails root] returned a string, did you mean to run a command?
[2023-06-16T06:12:21+00:00] INFO: link[/opt/gitlab/service/logrotate] created
[2023-06-16T06:12:21+00:00] WARN: redis does not have a log_group or default logdir mode defined. Setting to 0700.
[2023-06-16T06:12:21+00:00] INFO: link[/opt/gitlab/service/redis] created
[2023-06-16T06:12:22+00:00] INFO: link[/opt/gitlab/service/gitaly] created
[2023-06-16T06:12:24+00:00] INFO: link[/opt/gitlab/service/postgresql] created
[2023-06-16T06:12:24+00:00] INFO: file[/opt/gitlab/service/postgresql/log/supervise/status] owner changed to 996
[2023-06-16T06:12:24+00:00] INFO: file[/opt/gitlab/service/postgresql/log/supervise/status] group changed to 996
[2023-06-16T06:12:24+00:00] INFO: file[/opt/gitlab/service/postgresql/log/supervise/status] updated atime and mtime to 2023-06-16 06:12:24 +0000
[2023-06-16T06:12:24+00:00] INFO: link[/opt/gitlab/service/gitlab-kas] created
[2023-06-16T06:12:24+00:00] WARN: gitlab-rails does not have a log_group or default logdir mode defined. Setting to 0700.
[2023-06-16T06:12:24+00:00] INFO: link[/opt/gitlab/service/crond] created
[2023-06-16T06:12:25+00:00] INFO: link[/opt/gitlab/service/puma] created
[2023-06-16T06:12:25+00:00] WARN: sidekiq does not have a log_group or default logdir mode defined. Setting to 0700.
[2023-06-16T06:12:25+00:00] INFO: link[/opt/gitlab/service/sidekiq] created
[2023-06-16T06:12:25+00:00] INFO: link[/opt/gitlab/service/gitlab-workhorse] created
[2023-06-16T06:12:26+00:00] INFO: link[/opt/gitlab/service/nginx] created
[2023-06-16T06:12:27+00:00] INFO: link[/opt/gitlab/service/registry] created
[2023-06-16T06:12:27+00:00] INFO: Running queued delayed notifications before re-raising exception
[2023-06-16T06:12:27+00:00] ERROR: Running exception handlers
[2023-06-16T06:12:27+00:00] ERROR: Exception handlers complete
[2023-06-16T06:12:27+00:00] FATAL: Stacktrace dumped to /opt/gitlab/embedded/cookbooks/cache/cinc-stacktrace.out
[2023-06-16T06:12:27+00:00] FATAL: ---------------------------------------------------------------------------------------
[2023-06-16T06:12:27+00:00] FATAL: PLEASE PROVIDE THE CONTENTS OF THE stacktrace.out FILE (above) IF YOU FILE A BUG REPORT
[2023-06-16T06:12:27+00:00] FATAL: ---------------------------------------------------------------------------------------
[2023-06-16T06:12:27+00:00] FATAL: Chef::Exceptions::EnclosingDirectoryDoesNotExist: directory[/data/gitlab/etc/ssl] (letsencrypt::enable line 19) had an error: Chef::Exceptions::EnclosingDirectoryDoesNotExist: Parent directory /data/gitlab/etc does not exist, cannot create /data/gitlab/etc/ssl
