# Logfile created on 2023-06-16 03:17:10 +0000 by logger.rb/v1.4.3
[2023-06-16T03:17:10+00:00] INFO: Started Cinc Zero at chefzero://localhost:1 with repository at /opt/gitlab/embedded (One version per cookbook)
[2023-06-16T03:17:10+00:00] INFO: *** Cinc Client 17.10.0 ***
[2023-06-16T03:17:10+00:00] INFO: Platform: x86_64-linux
[2023-06-16T03:17:10+00:00] INFO: Cinc-client pid: 32
[2023-06-16T03:17:11+00:00] INFO: Setting the run_list to ["recipe[gitlab-ee]"] from CLI options
[2023-06-16T03:17:11+00:00] INFO: Run List is [recipe[gitlab-ee]]
[2023-06-16T03:17:11+00:00] INFO: Run List expands to [gitlab-ee]
[2023-06-16T03:17:11+00:00] INFO: Starting Cinc Client Run for gitlab.yangbaoyuan.cn
[2023-06-16T03:17:11+00:00] INFO: Running start handlers
[2023-06-16T03:17:11+00:00] INFO: Start handlers complete.
[2023-06-16T03:17:11+00:00] INFO: Loading cookbooks [gitlab-ee@0.0.1, package@0.1.0, gitlab@0.0.1, consul@0.1.0, patroni@0.1.0, pgbouncer@0.1.0, spamcheck@0.1.0, runit@5.1.7, logrotate@0.1.0, postgresql@0.1.0, redis@0.1.0, monitoring@0.1.0, registry@0.1.0, mattermost@0.1.0, gitaly@0.1.0, praefect@0.1.0, gitlab-kas@0.1.0, gitlab-pages@0.1.0, letsencrypt@0.1.0, nginx@0.1.0, acme@4.1.6, crond@0.1.0]
[2023-06-16T03:17:14+00:00] WARN: gitlab-rails does not have a log_group or default logdir mode defined. Setting to 0700.
[2023-06-16T03:17:14+00:00] INFO: Skipped selecting an init system because it was explicitly disabled
[2023-06-16T03:17:14+00:00] WARN: gitlab-shell does not have a log_group or default logdir mode defined. Setting to 0700.
[2023-06-16T03:17:14+00:00] WARN: gitlab-sshd does not have a log_group or default logdir mode defined. Setting to 0700.
[2023-06-16T03:17:14+00:00] WARN: logrotate does not have a log_group or default logdir mode defined. Setting to 0700.
[2023-06-16T03:17:14+00:00] WARN: logrotate does not have a log_group or default logdir mode defined. Setting to 0700.
[2023-06-16T03:17:14+00:00] WARN: puma does not have a log_group or default logdir mode defined. Setting to 0700.
[2023-06-16T03:17:14+00:00] WARN: gitlab-rails does not have a log_group or default logdir mode defined. Setting to 0700.
[2023-06-16T03:17:14+00:00] WARN: gitlab-shell does not have a log_group or default logdir mode defined. Setting to 0700.
[2023-06-16T03:17:14+00:00] WARN: gitlab-workhorse does not have a log_group or default logdir mode defined. Setting to 0700.
[2023-06-16T03:17:14+00:00] WARN: gitlab-pages does not have a log_group or default logdir mode defined. Setting to 0700.
[2023-06-16T03:17:14+00:00] WARN: gitlab-kas does not have a log_group or default logdir mode defined. Setting to 0700.
[2023-06-16T03:17:14+00:00] WARN: gitaly does not have a log_group or default logdir mode defined. Setting to 0700.
[2023-06-16T03:17:14+00:00] WARN: mailroom does not have a log_group or default logdir mode defined. Setting to 0700.
[2023-06-16T03:17:14+00:00] WARN: gitaly does not have a log_group or default logdir mode defined. Setting to 0700.
[2023-06-16T03:17:14+00:00] WARN: postgresql does not have a log_group or default logdir mode defined. Setting to 0700.
[2023-06-16T03:17:14+00:00] WARN: postgresql does not have a log_group or default logdir mode defined. Setting to 0700.
[2023-06-16T03:17:14+00:00] WARN: gitlab-kas does not have a log_group or default logdir mode defined. Setting to 0700.
[2023-06-16T03:17:14+00:00] WARN: puma does not have a log_group or default logdir mode defined. Setting to 0700.
[2023-06-16T03:17:14+00:00] WARN: sidekiq does not have a log_group or default logdir mode defined. Setting to 0700.
[2023-06-16T03:17:14+00:00] WARN: gitlab-workhorse does not have a log_group or default logdir mode defined. Setting to 0700.
[2023-06-16T03:17:14+00:00] WARN: gitlab-exporter does not have a log_group or default logdir mode defined. Setting to 0700.
[2023-06-16T03:17:15+00:00] WARN: redis-exporter does not have a log_group or default logdir mode defined. Setting to 0700.
[2023-06-16T03:17:15+00:00] WARN: prometheus does not have a log_group or default logdir mode defined. Setting to 0700.
[2023-06-16T03:17:15+00:00] WARN: alertmanager does not have a log_group or default logdir mode defined. Setting to 0700.
[2023-06-16T03:17:15+00:00] WARN: postgres-exporter does not have a log_group or default logdir mode defined. Setting to 0700.
[2023-06-16T03:17:16+00:00] INFO: template[/opt/gitlab/etc/gitlab-rails-rc] backed up to /opt/gitlab/embedded/cookbooks/cache/backup/opt/gitlab/etc/gitlab-rails-rc.chef-20230616031716.670063
[2023-06-16T03:17:16+00:00] INFO: template[/opt/gitlab/etc/gitlab-rails-rc] updated file contents /opt/gitlab/etc/gitlab-rails-rc
[2023-06-16T03:17:16+00:00] INFO: template[/var/opt/gitlab/gitlab-rails/etc/gitlab.yml] backed up to /opt/gitlab/embedded/cookbooks/cache/backup/var/opt/gitlab/gitlab-rails/etc/gitlab.yml.chef-20230616031716.975163
[2023-06-16T03:17:16+00:00] INFO: template[/var/opt/gitlab/gitlab-rails/etc/gitlab.yml] updated file contents /var/opt/gitlab/gitlab-rails/etc/gitlab.yml
[2023-06-16T03:17:17+00:00] WARN: only_if block for templatesymlink[Create a gitlab_pages_secret and create a symlink to Rails root] returned a string, did you mean to run a command?
[2023-06-16T03:17:17+00:00] WARN: only_if block for templatesymlink[Create a gitlab_kas_secret and create a symlink to Rails root] returned a string, did you mean to run a command?
[2023-06-16T03:17:17+00:00] INFO: link[/opt/gitlab/service/logrotate] created
[2023-06-16T03:17:17+00:00] WARN: redis does not have a log_group or default logdir mode defined. Setting to 0700.
[2023-06-16T03:17:17+00:00] INFO: link[/opt/gitlab/service/redis] created
[2023-06-16T03:17:18+00:00] INFO: link[/opt/gitlab/service/gitaly] created
[2023-06-16T03:17:20+00:00] INFO: link[/opt/gitlab/service/postgresql] created
[2023-06-16T03:17:20+00:00] INFO: file[/opt/gitlab/service/postgresql/log/supervise/status] owner changed to 996
[2023-06-16T03:17:20+00:00] INFO: file[/opt/gitlab/service/postgresql/log/supervise/status] group changed to 996
[2023-06-16T03:17:20+00:00] INFO: file[/opt/gitlab/service/postgresql/log/supervise/status] updated atime and mtime to 2023-06-16 03:17:20 +0000
[2023-06-16T03:17:20+00:00] INFO: link[/opt/gitlab/service/gitlab-kas] created
[2023-06-16T03:17:20+00:00] WARN: gitlab-rails does not have a log_group or default logdir mode defined. Setting to 0700.
[2023-06-16T03:17:21+00:00] INFO: link[/opt/gitlab/service/puma] created
[2023-06-16T03:17:21+00:00] WARN: sidekiq does not have a log_group or default logdir mode defined. Setting to 0700.
[2023-06-16T03:17:21+00:00] INFO: link[/opt/gitlab/service/sidekiq] created
[2023-06-16T03:17:22+00:00] INFO: link[/opt/gitlab/service/gitlab-workhorse] created
[2023-06-16T03:17:23+00:00] INFO: template[/var/opt/gitlab/nginx/conf/gitlab-http.conf] backed up to /opt/gitlab/embedded/cookbooks/cache/backup/var/opt/gitlab/nginx/conf/gitlab-http.conf.chef-20230616031723.020454
[2023-06-16T03:17:23+00:00] INFO: template[/var/opt/gitlab/nginx/conf/gitlab-http.conf] updated file contents /var/opt/gitlab/nginx/conf/gitlab-http.conf
[2023-06-16T03:17:23+00:00] INFO: template[/var/opt/gitlab/nginx/conf/gitlab-registry.conf] backed up to /opt/gitlab/embedded/cookbooks/cache/backup/var/opt/gitlab/nginx/conf/gitlab-registry.conf.chef-20230616031723.224159
[2023-06-16T03:17:23+00:00] INFO: template[/var/opt/gitlab/nginx/conf/gitlab-registry.conf] deleted file at /var/opt/gitlab/nginx/conf/gitlab-registry.conf
[2023-06-16T03:17:23+00:00] INFO: template[/var/opt/gitlab/nginx/conf/nginx.conf] backed up to /opt/gitlab/embedded/cookbooks/cache/backup/var/opt/gitlab/nginx/conf/nginx.conf.chef-20230616031723.513836
[2023-06-16T03:17:23+00:00] INFO: template[/var/opt/gitlab/nginx/conf/nginx.conf] updated file contents /var/opt/gitlab/nginx/conf/nginx.conf
[2023-06-16T03:17:23+00:00] INFO: link[/opt/gitlab/service/nginx] created
[2023-06-16T03:17:23+00:00] INFO: template[/opt/gitlab/etc/gitlab-healthcheck-rc] created file /opt/gitlab/etc/gitlab-healthcheck-rc
[2023-06-16T03:17:23+00:00] INFO: template[/opt/gitlab/etc/gitlab-healthcheck-rc] updated file contents /opt/gitlab/etc/gitlab-healthcheck-rc
[2023-06-16T03:17:23+00:00] INFO: template[/opt/gitlab/etc/gitlab-healthcheck-rc] owner changed to 0
[2023-06-16T03:17:23+00:00] INFO: template[/opt/gitlab/etc/gitlab-healthcheck-rc] group changed to 0
[2023-06-16T03:17:23+00:00] INFO: directory[/var/opt/gitlab/gitlab-exporter] created directory /var/opt/gitlab/gitlab-exporter
[2023-06-16T03:17:23+00:00] INFO: directory[/var/opt/gitlab/gitlab-exporter] owner changed to 998
[2023-06-16T03:17:23+00:00] INFO: directory[/var/opt/gitlab/gitlab-exporter] mode changed to 755
[2023-06-16T03:17:23+00:00] INFO: directory[/var/log/gitlab/gitlab-exporter] created directory /var/log/gitlab/gitlab-exporter
[2023-06-16T03:17:23+00:00] INFO: directory[/var/log/gitlab/gitlab-exporter] owner changed to 998
[2023-06-16T03:17:23+00:00] INFO: directory[/var/log/gitlab/gitlab-exporter] mode changed to 700
[2023-06-16T03:17:23+00:00] INFO: directory[/opt/gitlab/etc/gitlab-exporter/env] created directory /opt/gitlab/etc/gitlab-exporter/env
[2023-06-16T03:17:24+00:00] INFO: file[/opt/gitlab/etc/gitlab-exporter/env/MALLOC_CONF] created file /opt/gitlab/etc/gitlab-exporter/env/MALLOC_CONF
[2023-06-16T03:17:24+00:00] INFO: file[/opt/gitlab/etc/gitlab-exporter/env/MALLOC_CONF] updated file contents /opt/gitlab/etc/gitlab-exporter/env/MALLOC_CONF
[2023-06-16T03:17:24+00:00] INFO: file[/opt/gitlab/etc/gitlab-exporter/env/RUBY_GC_HEAP_INIT_SLOTS] created file /opt/gitlab/etc/gitlab-exporter/env/RUBY_GC_HEAP_INIT_SLOTS
[2023-06-16T03:17:24+00:00] INFO: file[/opt/gitlab/etc/gitlab-exporter/env/RUBY_GC_HEAP_INIT_SLOTS] updated file contents /opt/gitlab/etc/gitlab-exporter/env/RUBY_GC_HEAP_INIT_SLOTS
[2023-06-16T03:17:24+00:00] INFO: file[/opt/gitlab/etc/gitlab-exporter/env/RUBY_GC_HEAP_FREE_SLOTS_MIN_RATIO] created file /opt/gitlab/etc/gitlab-exporter/env/RUBY_GC_HEAP_FREE_SLOTS_MIN_RATIO
[2023-06-16T03:17:24+00:00] INFO: file[/opt/gitlab/etc/gitlab-exporter/env/RUBY_GC_HEAP_FREE_SLOTS_MIN_RATIO] updated file contents /opt/gitlab/etc/gitlab-exporter/env/RUBY_GC_HEAP_FREE_SLOTS_MIN_RATIO
[2023-06-16T03:17:24+00:00] INFO: file[/opt/gitlab/etc/gitlab-exporter/env/RUBY_GC_HEAP_FREE_SLOTS_MAX_RATIO] created file /opt/gitlab/etc/gitlab-exporter/env/RUBY_GC_HEAP_FREE_SLOTS_MAX_RATIO
[2023-06-16T03:17:24+00:00] INFO: file[/opt/gitlab/etc/gitlab-exporter/env/RUBY_GC_HEAP_FREE_SLOTS_MAX_RATIO] updated file contents /opt/gitlab/etc/gitlab-exporter/env/RUBY_GC_HEAP_FREE_SLOTS_MAX_RATIO
[2023-06-16T03:17:24+00:00] INFO: file[/opt/gitlab/etc/gitlab-exporter/env/SSL_CERT_DIR] created file /opt/gitlab/etc/gitlab-exporter/env/SSL_CERT_DIR
[2023-06-16T03:17:24+00:00] INFO: file[/opt/gitlab/etc/gitlab-exporter/env/SSL_CERT_DIR] updated file contents /opt/gitlab/etc/gitlab-exporter/env/SSL_CERT_DIR
[2023-06-16T03:17:24+00:00] INFO: file[/opt/gitlab/etc/gitlab-exporter/env/SSL_CERT_FILE] created file /opt/gitlab/etc/gitlab-exporter/env/SSL_CERT_FILE
[2023-06-16T03:17:24+00:00] INFO: file[/opt/gitlab/etc/gitlab-exporter/env/SSL_CERT_FILE] updated file contents /opt/gitlab/etc/gitlab-exporter/env/SSL_CERT_FILE
[2023-06-16T03:17:24+00:00] INFO: template[/var/opt/gitlab/gitlab-exporter/gitlab-exporter.yml] created file /var/opt/gitlab/gitlab-exporter/gitlab-exporter.yml
[2023-06-16T03:17:24+00:00] INFO: template[/var/opt/gitlab/gitlab-exporter/gitlab-exporter.yml] updated file contents /var/opt/gitlab/gitlab-exporter/gitlab-exporter.yml
[2023-06-16T03:17:24+00:00] INFO: template[/var/opt/gitlab/gitlab-exporter/gitlab-exporter.yml] owner changed to 998
[2023-06-16T03:17:24+00:00] INFO: template[/var/opt/gitlab/gitlab-exporter/gitlab-exporter.yml] mode changed to 600
[2023-06-16T03:17:24+00:00] INFO: template[/var/opt/gitlab/gitlab-exporter/gitlab-exporter.yml] not queuing delayed action restart on runit_service[gitlab-exporter] (delayed), as it's already been queued
[2023-06-16T03:17:24+00:00] INFO: file[/var/opt/gitlab/gitlab-exporter/RUBY_VERSION] created file /var/opt/gitlab/gitlab-exporter/RUBY_VERSION
[2023-06-16T03:17:24+00:00] INFO: file[/var/opt/gitlab/gitlab-exporter/RUBY_VERSION] updated file contents /var/opt/gitlab/gitlab-exporter/RUBY_VERSION
[2023-06-16T03:17:24+00:00] INFO: version_file[Create version file for GitLab-Exporter] not queuing delayed action restart on runit_service[gitlab-exporter] (delayed), as it's already been queued
[2023-06-16T03:17:24+00:00] INFO: directory[/opt/gitlab/sv/gitlab-exporter] created directory /opt/gitlab/sv/gitlab-exporter
[2023-06-16T03:17:24+00:00] INFO: directory[/opt/gitlab/sv/gitlab-exporter] owner changed to 0
[2023-06-16T03:17:24+00:00] INFO: directory[/opt/gitlab/sv/gitlab-exporter] group changed to 0
[2023-06-16T03:17:24+00:00] INFO: directory[/opt/gitlab/sv/gitlab-exporter] mode changed to 755
[2023-06-16T03:17:24+00:00] INFO: template[/opt/gitlab/sv/gitlab-exporter/run] created file /opt/gitlab/sv/gitlab-exporter/run
[2023-06-16T03:17:24+00:00] INFO: template[/opt/gitlab/sv/gitlab-exporter/run] updated file contents /opt/gitlab/sv/gitlab-exporter/run
[2023-06-16T03:17:24+00:00] INFO: template[/opt/gitlab/sv/gitlab-exporter/run] owner changed to 0
[2023-06-16T03:17:24+00:00] INFO: template[/opt/gitlab/sv/gitlab-exporter/run] group changed to 0
[2023-06-16T03:17:24+00:00] INFO: template[/opt/gitlab/sv/gitlab-exporter/run] mode changed to 755
[2023-06-16T03:17:24+00:00] INFO: directory[/opt/gitlab/sv/gitlab-exporter/log] created directory /opt/gitlab/sv/gitlab-exporter/log
[2023-06-16T03:17:24+00:00] INFO: directory[/opt/gitlab/sv/gitlab-exporter/log] owner changed to 0
[2023-06-16T03:17:24+00:00] INFO: directory[/opt/gitlab/sv/gitlab-exporter/log] group changed to 0
[2023-06-16T03:17:24+00:00] INFO: directory[/opt/gitlab/sv/gitlab-exporter/log] mode changed to 755
[2023-06-16T03:17:24+00:00] INFO: directory[/opt/gitlab/sv/gitlab-exporter/log/main] created directory /opt/gitlab/sv/gitlab-exporter/log/main
[2023-06-16T03:17:24+00:00] INFO: directory[/opt/gitlab/sv/gitlab-exporter/log/main] owner changed to 0
[2023-06-16T03:17:24+00:00] INFO: directory[/opt/gitlab/sv/gitlab-exporter/log/main] group changed to 0
[2023-06-16T03:17:24+00:00] INFO: directory[/opt/gitlab/sv/gitlab-exporter/log/main] mode changed to 755
[2023-06-16T03:17:24+00:00] INFO: template[/opt/gitlab/sv/gitlab-exporter/log/config] created file /opt/gitlab/sv/gitlab-exporter/log/config
[2023-06-16T03:17:24+00:00] INFO: template[/opt/gitlab/sv/gitlab-exporter/log/config] updated file contents /opt/gitlab/sv/gitlab-exporter/log/config
[2023-06-16T03:17:24+00:00] INFO: template[/opt/gitlab/sv/gitlab-exporter/log/config] owner changed to 0
[2023-06-16T03:17:24+00:00] INFO: template[/opt/gitlab/sv/gitlab-exporter/log/config] group changed to 0
[2023-06-16T03:17:24+00:00] INFO: template[/opt/gitlab/sv/gitlab-exporter/log/config] mode changed to 644
[2023-06-16T03:17:24+00:00] INFO: template[/opt/gitlab/sv/gitlab-exporter/log/config] sending create action to ruby_block[verify_chown_persisted_on_gitlab-exporter] (immediate)
[2023-06-16T03:17:24+00:00] INFO: ruby_block[verify_chown_persisted_on_gitlab-exporter] called
[2023-06-16T03:17:24+00:00] INFO: link[/var/log/gitlab/gitlab-exporter/config] created
[2023-06-16T03:17:24+00:00] INFO: template[/opt/gitlab/sv/gitlab-exporter/log/run] created file /opt/gitlab/sv/gitlab-exporter/log/run
[2023-06-16T03:17:24+00:00] INFO: template[/opt/gitlab/sv/gitlab-exporter/log/run] updated file contents /opt/gitlab/sv/gitlab-exporter/log/run
[2023-06-16T03:17:24+00:00] INFO: template[/opt/gitlab/sv/gitlab-exporter/log/run] owner changed to 0
[2023-06-16T03:17:24+00:00] INFO: template[/opt/gitlab/sv/gitlab-exporter/log/run] group changed to 0
[2023-06-16T03:17:24+00:00] INFO: template[/opt/gitlab/sv/gitlab-exporter/log/run] mode changed to 755
[2023-06-16T03:17:24+00:00] INFO: directory[/opt/gitlab/sv/gitlab-exporter/env] created directory /opt/gitlab/sv/gitlab-exporter/env
[2023-06-16T03:17:24+00:00] INFO: directory[/opt/gitlab/sv/gitlab-exporter/env] owner changed to 0
[2023-06-16T03:17:24+00:00] INFO: directory[/opt/gitlab/sv/gitlab-exporter/env] group changed to 0
[2023-06-16T03:17:24+00:00] INFO: directory[/opt/gitlab/sv/gitlab-exporter/env] mode changed to 755
[2023-06-16T03:17:24+00:00] INFO: directory[/opt/gitlab/sv/gitlab-exporter/control] created directory /opt/gitlab/sv/gitlab-exporter/control
[2023-06-16T03:17:24+00:00] INFO: directory[/opt/gitlab/sv/gitlab-exporter/control] owner changed to 0
[2023-06-16T03:17:24+00:00] INFO: directory[/opt/gitlab/sv/gitlab-exporter/control] group changed to 0
[2023-06-16T03:17:24+00:00] INFO: directory[/opt/gitlab/sv/gitlab-exporter/control] mode changed to 755
[2023-06-16T03:17:24+00:00] INFO: link[/opt/gitlab/init/gitlab-exporter] created
[2023-06-16T03:17:24+00:00] INFO: template[/opt/gitlab/sv/gitlab-exporter/run] sending run action to ruby_block[restart_service] (delayed)
[2023-06-16T03:17:24+00:00] INFO: template[/opt/gitlab/sv/gitlab-exporter/log/config] sending create action to ruby_block[reload_log_service] (delayed)
[2023-06-16T03:17:25+00:00] INFO: link[/opt/gitlab/service/gitlab-exporter] created
[2023-06-16T03:17:28+00:00] INFO: ruby_block[wait for gitlab-exporter service socket] called
[2023-06-16T03:17:29+00:00] INFO: ruby_block[reload_log_service] called
[2023-06-16T03:17:29+00:00] INFO: template[/opt/gitlab/sv/gitlab-exporter/log/run] sending run action to ruby_block[restart_log_service] (delayed)
[2023-06-16T03:17:31+00:00] INFO: ruby_block[restart_log_service] called
[2023-06-16T03:17:31+00:00] INFO: directory[/var/log/gitlab/redis-exporter] created directory /var/log/gitlab/redis-exporter
[2023-06-16T03:17:31+00:00] INFO: directory[/var/log/gitlab/redis-exporter] owner changed to 997
[2023-06-16T03:17:31+00:00] INFO: directory[/var/log/gitlab/redis-exporter] mode changed to 700
[2023-06-16T03:17:31+00:00] INFO: directory[/opt/gitlab/etc/redis-exporter/env] created directory /opt/gitlab/etc/redis-exporter/env
[2023-06-16T03:17:31+00:00] INFO: directory[/opt/gitlab/etc/redis-exporter/env] owner changed to 997
[2023-06-16T03:17:31+00:00] INFO: directory[/opt/gitlab/etc/redis-exporter/env] mode changed to 700
[2023-06-16T03:17:31+00:00] INFO: file[/opt/gitlab/etc/redis-exporter/env/SSL_CERT_DIR] created file /opt/gitlab/etc/redis-exporter/env/SSL_CERT_DIR
[2023-06-16T03:17:31+00:00] INFO: file[/opt/gitlab/etc/redis-exporter/env/SSL_CERT_DIR] updated file contents /opt/gitlab/etc/redis-exporter/env/SSL_CERT_DIR
[2023-06-16T03:17:31+00:00] INFO: directory[/opt/gitlab/sv/redis-exporter] created directory /opt/gitlab/sv/redis-exporter
[2023-06-16T03:17:31+00:00] INFO: directory[/opt/gitlab/sv/redis-exporter] owner changed to 0
[2023-06-16T03:17:31+00:00] INFO: directory[/opt/gitlab/sv/redis-exporter] group changed to 0
[2023-06-16T03:17:31+00:00] INFO: directory[/opt/gitlab/sv/redis-exporter] mode changed to 755
[2023-06-16T03:17:31+00:00] INFO: template[/opt/gitlab/sv/redis-exporter/run] created file /opt/gitlab/sv/redis-exporter/run
[2023-06-16T03:17:31+00:00] INFO: template[/opt/gitlab/sv/redis-exporter/run] updated file contents /opt/gitlab/sv/redis-exporter/run
[2023-06-16T03:17:31+00:00] INFO: template[/opt/gitlab/sv/redis-exporter/run] owner changed to 0
[2023-06-16T03:17:31+00:00] INFO: template[/opt/gitlab/sv/redis-exporter/run] group changed to 0
[2023-06-16T03:17:31+00:00] INFO: template[/opt/gitlab/sv/redis-exporter/run] mode changed to 755
[2023-06-16T03:17:31+00:00] INFO: directory[/opt/gitlab/sv/redis-exporter/log] created directory /opt/gitlab/sv/redis-exporter/log
[2023-06-16T03:17:31+00:00] INFO: directory[/opt/gitlab/sv/redis-exporter/log] owner changed to 0
[2023-06-16T03:17:31+00:00] INFO: directory[/opt/gitlab/sv/redis-exporter/log] group changed to 0
[2023-06-16T03:17:31+00:00] INFO: directory[/opt/gitlab/sv/redis-exporter/log] mode changed to 755
[2023-06-16T03:17:31+00:00] INFO: directory[/opt/gitlab/sv/redis-exporter/log/main] created directory /opt/gitlab/sv/redis-exporter/log/main
[2023-06-16T03:17:31+00:00] INFO: directory[/opt/gitlab/sv/redis-exporter/log/main] owner changed to 0
[2023-06-16T03:17:31+00:00] INFO: directory[/opt/gitlab/sv/redis-exporter/log/main] group changed to 0
[2023-06-16T03:17:31+00:00] INFO: directory[/opt/gitlab/sv/redis-exporter/log/main] mode changed to 755
[2023-06-16T03:17:31+00:00] INFO: template[/opt/gitlab/sv/redis-exporter/log/config] created file /opt/gitlab/sv/redis-exporter/log/config
[2023-06-16T03:17:31+00:00] INFO: template[/opt/gitlab/sv/redis-exporter/log/config] updated file contents /opt/gitlab/sv/redis-exporter/log/config
[2023-06-16T03:17:31+00:00] INFO: template[/opt/gitlab/sv/redis-exporter/log/config] owner changed to 0
[2023-06-16T03:17:31+00:00] INFO: template[/opt/gitlab/sv/redis-exporter/log/config] group changed to 0
[2023-06-16T03:17:31+00:00] INFO: template[/opt/gitlab/sv/redis-exporter/log/config] mode changed to 644
[2023-06-16T03:17:31+00:00] INFO: template[/opt/gitlab/sv/redis-exporter/log/config] sending create action to ruby_block[verify_chown_persisted_on_redis-exporter] (immediate)
[2023-06-16T03:17:31+00:00] INFO: ruby_block[verify_chown_persisted_on_redis-exporter] called
[2023-06-16T03:17:31+00:00] INFO: link[/var/log/gitlab/redis-exporter/config] created
[2023-06-16T03:17:31+00:00] INFO: template[/opt/gitlab/sv/redis-exporter/log/run] created file /opt/gitlab/sv/redis-exporter/log/run
[2023-06-16T03:17:31+00:00] INFO: template[/opt/gitlab/sv/redis-exporter/log/run] updated file contents /opt/gitlab/sv/redis-exporter/log/run
[2023-06-16T03:17:31+00:00] INFO: template[/opt/gitlab/sv/redis-exporter/log/run] owner changed to 0
[2023-06-16T03:17:31+00:00] INFO: template[/opt/gitlab/sv/redis-exporter/log/run] group changed to 0
[2023-06-16T03:17:31+00:00] INFO: template[/opt/gitlab/sv/redis-exporter/log/run] mode changed to 755
[2023-06-16T03:17:31+00:00] INFO: directory[/opt/gitlab/sv/redis-exporter/env] created directory /opt/gitlab/sv/redis-exporter/env
[2023-06-16T03:17:31+00:00] INFO: directory[/opt/gitlab/sv/redis-exporter/env] owner changed to 0
[2023-06-16T03:17:31+00:00] INFO: directory[/opt/gitlab/sv/redis-exporter/env] group changed to 0
[2023-06-16T03:17:31+00:00] INFO: directory[/opt/gitlab/sv/redis-exporter/env] mode changed to 755
[2023-06-16T03:17:31+00:00] INFO: directory[/opt/gitlab/sv/redis-exporter/control] created directory /opt/gitlab/sv/redis-exporter/control
[2023-06-16T03:17:31+00:00] INFO: directory[/opt/gitlab/sv/redis-exporter/control] owner changed to 0
[2023-06-16T03:17:31+00:00] INFO: directory[/opt/gitlab/sv/redis-exporter/control] group changed to 0
[2023-06-16T03:17:31+00:00] INFO: directory[/opt/gitlab/sv/redis-exporter/control] mode changed to 755
[2023-06-16T03:17:31+00:00] INFO: link[/opt/gitlab/init/redis-exporter] created
[2023-06-16T03:17:31+00:00] INFO: template[/opt/gitlab/sv/redis-exporter/run] sending run action to ruby_block[restart_service] (delayed)
[2023-06-16T03:17:31+00:00] INFO: template[/opt/gitlab/sv/redis-exporter/log/config] sending create action to ruby_block[reload_log_service] (delayed)
[2023-06-16T03:17:31+00:00] INFO: link[/opt/gitlab/service/redis-exporter] created
[2023-06-16T03:17:33+00:00] INFO: ruby_block[wait for redis-exporter service socket] called
[2023-06-16T03:17:33+00:00] INFO: ruby_block[reload_log_service] called
[2023-06-16T03:17:33+00:00] INFO: template[/opt/gitlab/sv/redis-exporter/log/run] sending run action to ruby_block[restart_log_service] (delayed)
[2023-06-16T03:17:35+00:00] INFO: ruby_block[restart_log_service] called
[2023-06-16T03:17:35+00:00] INFO: directory[/var/opt/gitlab/prometheus] created directory /var/opt/gitlab/prometheus
[2023-06-16T03:17:35+00:00] INFO: directory[/var/opt/gitlab/prometheus] owner changed to 992
[2023-06-16T03:17:35+00:00] INFO: directory[/var/opt/gitlab/prometheus] mode changed to 750
[2023-06-16T03:17:35+00:00] INFO: directory[/var/opt/gitlab/prometheus/rules] created directory /var/opt/gitlab/prometheus/rules
[2023-06-16T03:17:35+00:00] INFO: directory[/var/opt/gitlab/prometheus/rules] owner changed to 992
[2023-06-16T03:17:35+00:00] INFO: directory[/var/opt/gitlab/prometheus/rules] mode changed to 750
[2023-06-16T03:17:35+00:00] INFO: directory[/var/log/gitlab/prometheus] created directory /var/log/gitlab/prometheus
[2023-06-16T03:17:35+00:00] INFO: directory[/var/log/gitlab/prometheus] owner changed to 992
[2023-06-16T03:17:35+00:00] INFO: directory[/var/log/gitlab/prometheus] mode changed to 700
[2023-06-16T03:17:35+00:00] INFO: directory[/opt/gitlab/etc/prometheus/env] created directory /opt/gitlab/etc/prometheus/env
[2023-06-16T03:17:35+00:00] INFO: directory[/opt/gitlab/etc/prometheus/env] owner changed to 992
[2023-06-16T03:17:35+00:00] INFO: directory[/opt/gitlab/etc/prometheus/env] mode changed to 700
[2023-06-16T03:17:35+00:00] INFO: file[/opt/gitlab/etc/prometheus/env/SSL_CERT_DIR] created file /opt/gitlab/etc/prometheus/env/SSL_CERT_DIR
[2023-06-16T03:17:35+00:00] INFO: file[/opt/gitlab/etc/prometheus/env/SSL_CERT_DIR] updated file contents /opt/gitlab/etc/prometheus/env/SSL_CERT_DIR
[2023-06-16T03:17:35+00:00] INFO: file[Prometheus config] created file /var/opt/gitlab/prometheus/prometheus.yml
[2023-06-16T03:17:35+00:00] INFO: file[Prometheus config] updated file contents /var/opt/gitlab/prometheus/prometheus.yml
[2023-06-16T03:17:35+00:00] INFO: file[Prometheus config] owner changed to 992
[2023-06-16T03:17:35+00:00] INFO: file[Prometheus config] mode changed to 644
[2023-06-16T03:17:35+00:00] INFO: directory[/opt/gitlab/sv/prometheus] created directory /opt/gitlab/sv/prometheus
[2023-06-16T03:17:35+00:00] INFO: directory[/opt/gitlab/sv/prometheus] owner changed to 0
[2023-06-16T03:17:35+00:00] INFO: directory[/opt/gitlab/sv/prometheus] group changed to 0
[2023-06-16T03:17:35+00:00] INFO: directory[/opt/gitlab/sv/prometheus] mode changed to 755
[2023-06-16T03:17:35+00:00] INFO: template[/opt/gitlab/sv/prometheus/run] created file /opt/gitlab/sv/prometheus/run
[2023-06-16T03:17:35+00:00] INFO: template[/opt/gitlab/sv/prometheus/run] updated file contents /opt/gitlab/sv/prometheus/run
[2023-06-16T03:17:35+00:00] INFO: template[/opt/gitlab/sv/prometheus/run] owner changed to 0
[2023-06-16T03:17:35+00:00] INFO: template[/opt/gitlab/sv/prometheus/run] group changed to 0
[2023-06-16T03:17:35+00:00] INFO: template[/opt/gitlab/sv/prometheus/run] mode changed to 755
[2023-06-16T03:17:35+00:00] INFO: directory[/opt/gitlab/sv/prometheus/log] created directory /opt/gitlab/sv/prometheus/log
[2023-06-16T03:17:35+00:00] INFO: directory[/opt/gitlab/sv/prometheus/log] owner changed to 0
[2023-06-16T03:17:35+00:00] INFO: directory[/opt/gitlab/sv/prometheus/log] group changed to 0
[2023-06-16T03:17:35+00:00] INFO: directory[/opt/gitlab/sv/prometheus/log] mode changed to 755
[2023-06-16T03:17:35+00:00] INFO: directory[/opt/gitlab/sv/prometheus/log/main] created directory /opt/gitlab/sv/prometheus/log/main
[2023-06-16T03:17:35+00:00] INFO: directory[/opt/gitlab/sv/prometheus/log/main] owner changed to 0
[2023-06-16T03:17:35+00:00] INFO: directory[/opt/gitlab/sv/prometheus/log/main] group changed to 0
[2023-06-16T03:17:35+00:00] INFO: directory[/opt/gitlab/sv/prometheus/log/main] mode changed to 755
[2023-06-16T03:17:35+00:00] INFO: template[/opt/gitlab/sv/prometheus/log/config] created file /opt/gitlab/sv/prometheus/log/config
[2023-06-16T03:17:35+00:00] INFO: template[/opt/gitlab/sv/prometheus/log/config] updated file contents /opt/gitlab/sv/prometheus/log/config
[2023-06-16T03:17:35+00:00] INFO: template[/opt/gitlab/sv/prometheus/log/config] owner changed to 0
[2023-06-16T03:17:35+00:00] INFO: template[/opt/gitlab/sv/prometheus/log/config] group changed to 0
[2023-06-16T03:17:35+00:00] INFO: template[/opt/gitlab/sv/prometheus/log/config] mode changed to 644
[2023-06-16T03:17:35+00:00] INFO: template[/opt/gitlab/sv/prometheus/log/config] sending create action to ruby_block[verify_chown_persisted_on_prometheus] (immediate)
[2023-06-16T03:17:35+00:00] INFO: ruby_block[verify_chown_persisted_on_prometheus] called
[2023-06-16T03:17:35+00:00] INFO: link[/var/log/gitlab/prometheus/config] created
[2023-06-16T03:17:35+00:00] INFO: template[/opt/gitlab/sv/prometheus/log/run] created file /opt/gitlab/sv/prometheus/log/run
[2023-06-16T03:17:35+00:00] INFO: template[/opt/gitlab/sv/prometheus/log/run] updated file contents /opt/gitlab/sv/prometheus/log/run
[2023-06-16T03:17:35+00:00] INFO: template[/opt/gitlab/sv/prometheus/log/run] owner changed to 0
[2023-06-16T03:17:35+00:00] INFO: template[/opt/gitlab/sv/prometheus/log/run] group changed to 0
[2023-06-16T03:17:35+00:00] INFO: template[/opt/gitlab/sv/prometheus/log/run] mode changed to 755
[2023-06-16T03:17:35+00:00] INFO: directory[/opt/gitlab/sv/prometheus/env] created directory /opt/gitlab/sv/prometheus/env
[2023-06-16T03:17:35+00:00] INFO: directory[/opt/gitlab/sv/prometheus/env] owner changed to 0
[2023-06-16T03:17:35+00:00] INFO: directory[/opt/gitlab/sv/prometheus/env] group changed to 0
[2023-06-16T03:17:35+00:00] INFO: directory[/opt/gitlab/sv/prometheus/env] mode changed to 755
[2023-06-16T03:17:35+00:00] INFO: directory[/opt/gitlab/sv/prometheus/control] created directory /opt/gitlab/sv/prometheus/control
[2023-06-16T03:17:35+00:00] INFO: directory[/opt/gitlab/sv/prometheus/control] owner changed to 0
[2023-06-16T03:17:35+00:00] INFO: directory[/opt/gitlab/sv/prometheus/control] group changed to 0
[2023-06-16T03:17:35+00:00] INFO: directory[/opt/gitlab/sv/prometheus/control] mode changed to 755
[2023-06-16T03:17:35+00:00] INFO: link[/opt/gitlab/init/prometheus] created
[2023-06-16T03:17:35+00:00] INFO: template[/opt/gitlab/sv/prometheus/run] sending run action to ruby_block[restart_service] (delayed)
[2023-06-16T03:17:35+00:00] INFO: template[/opt/gitlab/sv/prometheus/log/config] sending create action to ruby_block[reload_log_service] (delayed)
[2023-06-16T03:17:35+00:00] INFO: link[/opt/gitlab/service/prometheus] created
