2021/09/27 10:26:00 [emerg] 1#1: a duplicate default server for 0.0.0.0:80 in /etc/nginx/conf.d/rms-api.conf:2
2021/09/27 10:26:01 [emerg] 1#1: a duplicate default server for 0.0.0.0:80 in /etc/nginx/conf.d/rms-api.conf:2
2021/09/27 10:26:01 [emerg] 1#1: a duplicate default server for 0.0.0.0:80 in /etc/nginx/conf.d/rms-api.conf:2
2021/09/27 10:26:02 [emerg] 1#1: a duplicate default server for 0.0.0.0:80 in /etc/nginx/conf.d/rms-api.conf:2
2021/09/27 10:26:03 [emerg] 1#1: a duplicate default server for 0.0.0.0:80 in /etc/nginx/conf.d/rms-api.conf:2
2021/09/27 10:26:05 [emerg] 1#1: a duplicate default server for 0.0.0.0:80 in /etc/nginx/conf.d/rms-api.conf:2
2021/09/27 10:26:08 [emerg] 1#1: a duplicate default server for 0.0.0.0:80 in /etc/nginx/conf.d/rms-api.conf:2
2021/09/27 10:26:15 [emerg] 1#1: a duplicate default server for 0.0.0.0:80 in /etc/nginx/conf.d/rms-api.conf:2
2021/09/27 10:52:27 [emerg] 1#1: a duplicate default server for 0.0.0.0:80 in /etc/nginx/conf.d/rms-api.conf:2
2021/09/27 10:52:28 [emerg] 1#1: a duplicate default server for 0.0.0.0:80 in /etc/nginx/conf.d/rms-api.conf:2
2021/09/27 10:52:28 [emerg] 1#1: a duplicate default server for 0.0.0.0:80 in /etc/nginx/conf.d/rms-api.conf:2
2021/09/27 10:52:29 [emerg] 1#1: a duplicate default server for 0.0.0.0:80 in /etc/nginx/conf.d/rms-api.conf:2
2021/09/27 10:52:30 [emerg] 1#1: a duplicate default server for 0.0.0.0:80 in /etc/nginx/conf.d/rms-api.conf:2
2021/09/27 10:52:32 [emerg] 1#1: a duplicate default server for 0.0.0.0:80 in /etc/nginx/conf.d/rms-api.conf:2
2021/09/27 10:52:35 [emerg] 1#1: a duplicate default server for 0.0.0.0:80 in /etc/nginx/conf.d/rms-api.conf:2
2021/09/27 10:52:42 [emerg] 1#1: a duplicate default server for 0.0.0.0:80 in /etc/nginx/conf.d/rms-api.conf:2
2021/09/27 10:52:55 [emerg] 1#1: a duplicate default server for 0.0.0.0:80 in /etc/nginx/conf.d/rms-api.conf:2
2021/09/27 10:52:59 [emerg] 1#1: a duplicate default server for 0.0.0.0:80 in /etc/nginx/conf.d/rms-api.conf:2
2021/09/27 10:53:00 [emerg] 1#1: a duplicate default server for 0.0.0.0:80 in /etc/nginx/conf.d/rms-api.conf:2
2021/09/27 10:53:00 [emerg] 1#1: a duplicate default server for 0.0.0.0:80 in /etc/nginx/conf.d/rms-api.conf:2
2021/09/27 10:53:01 [emerg] 1#1: a duplicate default server for 0.0.0.0:80 in /etc/nginx/conf.d/rms-api.conf:2
2021/09/27 10:53:02 [emerg] 1#1: a duplicate default server for 0.0.0.0:80 in /etc/nginx/conf.d/rms-api.conf:2
2021/09/27 10:53:04 [emerg] 1#1: a duplicate default server for 0.0.0.0:80 in /etc/nginx/conf.d/rms-api.conf:2
2021/09/27 10:53:07 [emerg] 1#1: a duplicate default server for 0.0.0.0:80 in /etc/nginx/conf.d/rms-api.conf:2
2021/09/27 11:17:50 [emerg] 1#1: a duplicate default server for 0.0.0.0:80 in /etc/nginx/conf.d/yby.conf:2
2021/09/27 11:17:51 [emerg] 1#1: a duplicate default server for 0.0.0.0:80 in /etc/nginx/conf.d/yby.conf:2
2021/09/27 11:17:51 [emerg] 1#1: a duplicate default server for 0.0.0.0:80 in /etc/nginx/conf.d/yby.conf:2
2021/09/27 11:17:52 [emerg] 1#1: a duplicate default server for 0.0.0.0:80 in /etc/nginx/conf.d/yby.conf:2
2021/09/27 11:17:53 [emerg] 1#1: a duplicate default server for 0.0.0.0:80 in /etc/nginx/conf.d/yby.conf:2
2021/09/27 11:17:55 [emerg] 1#1: a duplicate default server for 0.0.0.0:80 in /etc/nginx/conf.d/yby.conf:2
2021/09/27 11:17:58 [emerg] 1#1: a duplicate default server for 0.0.0.0:80 in /etc/nginx/conf.d/yby.conf:2
2021/09/27 11:18:05 [emerg] 1#1: a duplicate default server for 0.0.0.0:80 in /etc/nginx/conf.d/yby.conf:2
2021/09/27 11:18:18 [emerg] 1#1: a duplicate default server for 0.0.0.0:80 in /etc/nginx/conf.d/yby.conf:2
2021/09/27 11:18:44 [emerg] 1#1: a duplicate default server for 0.0.0.0:80 in /etc/nginx/conf.d/yby.conf:2
2021/09/27 11:19:32 [emerg] 1#1: a duplicate default server for 0.0.0.0:443 in /etc/nginx/conf.d/yby.conf:23
2021/09/27 11:19:32 [emerg] 1#1: a duplicate default server for 0.0.0.0:443 in /etc/nginx/conf.d/yby.conf:23
2021/09/27 11:19:32 [emerg] 1#1: a duplicate default server for 0.0.0.0:443 in /etc/nginx/conf.d/yby.conf:23
2021/09/27 11:19:33 [emerg] 1#1: a duplicate default server for 0.0.0.0:443 in /etc/nginx/conf.d/yby.conf:23
2021/09/27 11:19:34 [emerg] 1#1: a duplicate default server for 0.0.0.0:443 in /etc/nginx/conf.d/yby.conf:23
2021/09/27 11:19:36 [emerg] 1#1: a duplicate default server for 0.0.0.0:443 in /etc/nginx/conf.d/yby.conf:23
2021/09/27 11:19:40 [emerg] 1#1: a duplicate default server for 0.0.0.0:443 in /etc/nginx/conf.d/yby.conf:23
2021/09/27 11:19:46 [emerg] 1#1: a duplicate default server for 0.0.0.0:443 in /etc/nginx/conf.d/yby.conf:23
2021/09/27 11:19:59 [emerg] 1#1: a duplicate default server for 0.0.0.0:443 in /etc/nginx/conf.d/yby.conf:23
2021/09/27 11:20:25 [emerg] 1#1: a duplicate default server for 0.0.0.0:443 in /etc/nginx/conf.d/yby.conf:23
2021/09/27 11:21:17 [emerg] 1#1: a duplicate default server for 0.0.0.0:443 in /etc/nginx/conf.d/yby.conf:23
2021/09/27 11:22:18 [emerg] 1#1: a duplicate default server for 0.0.0.0:443 in /etc/nginx/conf.d/yby.conf:23
2021/09/27 11:23:18 [emerg] 1#1: a duplicate default server for 0.0.0.0:443 in /etc/nginx/conf.d/yby.conf:23
2021/09/27 11:24:18 [emerg] 1#1: a duplicate default server for 0.0.0.0:80 in /etc/nginx/conf.d/yby.conf:2
2021/09/27 11:25:19 [emerg] 1#1: a duplicate default server for 0.0.0.0:80 in /etc/nginx/conf.d/yby.conf:2
2021/09/27 11:26:19 [emerg] 1#1: a duplicate default server for 0.0.0.0:80 in /etc/nginx/conf.d/yby.conf:2
2021/09/27 11:27:20 [emerg] 1#1: a duplicate default server for 0.0.0.0:80 in /etc/nginx/conf.d/yby.conf:2
2021/09/27 11:28:05 [emerg] 22#22: a duplicate default server for 0.0.0.0:80 in /etc/nginx/conf.d/yby.conf:2
2021/09/27 11:28:24 [emerg] 29#29: a duplicate default server for 0.0.0.0:443 in /etc/nginx/conf.d/yby.conf:23
2021/09/27 11:29:05 [notice] 43#43: signal process started
2021/11/02 14:44:48 [notice] 30#30: signal process started
2021/11/02 14:49:30 [emerg] 37#37: "try_files" directive is duplicate in /etc/nginx/conf.d/local-kuafu.conf:24
2021/11/02 14:50:01 [notice] 44#44: signal process started
2021/11/02 14:55:48 [emerg] 1#1: unexpected ";" in /etc/nginx/conf.d/dinghuoxiaochengxu.conf:3
2021/11/02 14:55:48 [emerg] 1#1: unexpected ";" in /etc/nginx/conf.d/dinghuoxiaochengxu.conf:3
2021/11/02 14:55:49 [emerg] 1#1: unexpected ";" in /etc/nginx/conf.d/dinghuoxiaochengxu.conf:3
2021/11/02 14:55:50 [emerg] 1#1: unexpected ";" in /etc/nginx/conf.d/dinghuoxiaochengxu.conf:3
2021/11/02 14:55:51 [emerg] 1#1: unexpected ";" in /etc/nginx/conf.d/dinghuoxiaochengxu.conf:3
2021/11/02 14:55:53 [emerg] 1#1: unexpected ";" in /etc/nginx/conf.d/dinghuoxiaochengxu.conf:3
2021/11/02 14:55:56 [emerg] 1#1: unexpected ";" in /etc/nginx/conf.d/dinghuoxiaochengxu.conf:3
2021/11/02 14:56:03 [emerg] 1#1: unexpected ";" in /etc/nginx/conf.d/dinghuoxiaochengxu.conf:3
2021/11/02 14:56:16 [emerg] 1#1: unexpected ";" in /etc/nginx/conf.d/dinghuoxiaochengxu.conf:3
2021/11/02 14:56:32 [emerg] 1#1: unexpected ";" in /etc/nginx/conf.d/dinghuoxiaochengxu.conf:3
2021/11/02 14:56:32 [emerg] 1#1: unexpected ";" in /etc/nginx/conf.d/dinghuoxiaochengxu.conf:3
2021/11/02 14:56:32 [emerg] 1#1: unexpected ";" in /etc/nginx/conf.d/dinghuoxiaochengxu.conf:3
2021/11/02 14:56:33 [emerg] 1#1: unexpected ";" in /etc/nginx/conf.d/dinghuoxiaochengxu.conf:3
2021/11/02 14:56:34 [emerg] 1#1: unexpected ";" in /etc/nginx/conf.d/dinghuoxiaochengxu.conf:3
2021/11/02 14:56:36 [emerg] 1#1: unexpected ";" in /etc/nginx/conf.d/dinghuoxiaochengxu.conf:3
2021/11/02 14:56:40 [emerg] 1#1: unexpected ";" in /etc/nginx/conf.d/dinghuoxiaochengxu.conf:3
2021/11/02 14:56:46 [emerg] 1#1: unexpected ";" in /etc/nginx/conf.d/dinghuoxiaochengxu.conf:3
2023/06/16 11:36:37 [emerg] 1#1: invalid number of arguments in "ssl_ciphers" directive in /etc/nginx/conf.d/gitlab.yangbaoyuan.conf:23
2023/06/16 11:36:37 [emerg] 1#1: invalid number of arguments in "ssl_ciphers" directive in /etc/nginx/conf.d/gitlab.yangbaoyuan.conf:23
2023/06/16 11:36:37 [emerg] 1#1: invalid number of arguments in "ssl_ciphers" directive in /etc/nginx/conf.d/gitlab.yangbaoyuan.conf:23
2023/06/16 11:36:38 [emerg] 1#1: invalid number of arguments in "ssl_ciphers" directive in /etc/nginx/conf.d/gitlab.yangbaoyuan.conf:23
2023/06/16 11:36:39 [emerg] 1#1: invalid number of arguments in "ssl_ciphers" directive in /etc/nginx/conf.d/gitlab.yangbaoyuan.conf:23
2023/06/16 11:36:41 [emerg] 1#1: invalid number of arguments in "ssl_ciphers" directive in /etc/nginx/conf.d/gitlab.yangbaoyuan.conf:23
2023/06/16 11:36:45 [emerg] 1#1: invalid number of arguments in "ssl_ciphers" directive in /etc/nginx/conf.d/gitlab.yangbaoyuan.conf:23
2023/06/16 11:36:52 [emerg] 1#1: invalid number of arguments in "ssl_ciphers" directive in /etc/nginx/conf.d/gitlab.yangbaoyuan.conf:23
2023/06/16 11:37:05 [emerg] 1#1: invalid number of arguments in "ssl_ciphers" directive in /etc/nginx/conf.d/gitlab.yangbaoyuan.conf:23
2023/06/16 11:37:31 [emerg] 1#1: invalid number of arguments in "ssl_ciphers" directive in /etc/nginx/conf.d/gitlab.yangbaoyuan.conf:23
2023/06/16 11:38:28 [emerg] 1#1: invalid number of arguments in "ssl_ciphers" directive in /etc/nginx/conf.d/gitlab.yangbaoyuan.conf:23
2023/06/16 11:38:30 [emerg] 1#1: invalid number of arguments in "ssl_ciphers" directive in /etc/nginx/conf.d/gitlab.yangbaoyuan.conf:23
2023/06/16 11:38:30 [emerg] 1#1: invalid number of arguments in "ssl_ciphers" directive in /etc/nginx/conf.d/gitlab.yangbaoyuan.conf:23
2023/06/16 11:38:31 [emerg] 1#1: invalid number of arguments in "ssl_ciphers" directive in /etc/nginx/conf.d/gitlab.yangbaoyuan.conf:23
2023/06/16 11:38:32 [emerg] 1#1: invalid number of arguments in "ssl_ciphers" directive in /etc/nginx/conf.d/gitlab.yangbaoyuan.conf:23
2023/06/16 11:38:34 [emerg] 1#1: invalid number of arguments in "ssl_ciphers" directive in /etc/nginx/conf.d/gitlab.yangbaoyuan.conf:23
2023/06/16 11:38:37 [emerg] 1#1: invalid number of arguments in "ssl_ciphers" directive in /etc/nginx/conf.d/gitlab.yangbaoyuan.conf:23
2023/06/16 11:38:44 [emerg] 1#1: invalid number of arguments in "ssl_ciphers" directive in /etc/nginx/conf.d/gitlab.yangbaoyuan.conf:23
2023/06/16 11:38:57 [emerg] 1#1: invalid number of arguments in "ssl_ciphers" directive in /etc/nginx/conf.d/gitlab.yangbaoyuan.conf:23
2023/06/16 11:39:23 [emerg] 1#1: invalid number of arguments in "ssl_ciphers" directive in /etc/nginx/conf.d/gitlab.yangbaoyuan.conf:23
2023/06/16 11:40:15 [emerg] 1#1: invalid number of arguments in "ssl_ciphers" directive in /etc/nginx/conf.d/gitlab.yangbaoyuan.conf:23
2023/06/16 11:41:16 [emerg] 1#1: invalid number of arguments in "ssl_ciphers" directive in /etc/nginx/conf.d/gitlab.yangbaoyuan.conf:23
2023/06/16 11:41:55 [emerg] 1#1: unknown directive "erver" in /etc/nginx/conf.d/gitlab.yangbaoyuan.conf:1
2023/06/16 11:41:56 [emerg] 1#1: unknown directive "erver" in /etc/nginx/conf.d/gitlab.yangbaoyuan.conf:1
2023/06/16 11:41:56 [emerg] 1#1: unknown directive "erver" in /etc/nginx/conf.d/gitlab.yangbaoyuan.conf:1
2023/06/16 11:41:57 [emerg] 1#1: unknown directive "erver" in /etc/nginx/conf.d/gitlab.yangbaoyuan.conf:1
2023/06/16 11:41:58 [emerg] 1#1: unknown directive "erver" in /etc/nginx/conf.d/gitlab.yangbaoyuan.conf:1
2023/06/16 11:42:00 [emerg] 1#1: unknown directive "erver" in /etc/nginx/conf.d/gitlab.yangbaoyuan.conf:1
2023/06/16 11:42:04 [emerg] 1#1: unknown directive "erver" in /etc/nginx/conf.d/gitlab.yangbaoyuan.conf:1
2023/06/16 11:42:10 [emerg] 1#1: unknown directive "erver" in /etc/nginx/conf.d/gitlab.yangbaoyuan.conf:1
2023/06/16 11:42:35 [emerg] 1#1: unknown directive "erver" in /etc/nginx/conf.d/gitlab.yangbaoyuan.conf:1
2023/06/16 11:42:36 [emerg] 1#1: unknown directive "erver" in /etc/nginx/conf.d/gitlab.yangbaoyuan.conf:1
2023/06/16 11:42:36 [emerg] 1#1: unknown directive "erver" in /etc/nginx/conf.d/gitlab.yangbaoyuan.conf:1
2023/06/16 11:42:37 [emerg] 1#1: unknown directive "erver" in /etc/nginx/conf.d/gitlab.yangbaoyuan.conf:1
2023/06/16 11:42:38 [emerg] 1#1: unknown directive "erver" in /etc/nginx/conf.d/gitlab.yangbaoyuan.conf:1
2023/06/16 11:42:40 [emerg] 1#1: unknown directive "erver" in /etc/nginx/conf.d/gitlab.yangbaoyuan.conf:1
2023/06/16 11:42:44 [emerg] 1#1: unknown directive "erver" in /etc/nginx/conf.d/gitlab.yangbaoyuan.conf:1
2023/06/16 11:42:51 [emerg] 1#1: unknown directive "erver" in /etc/nginx/conf.d/gitlab.yangbaoyuan.conf:1
2023/06/16 11:43:04 [emerg] 1#1: unknown directive "erver" in /etc/nginx/conf.d/gitlab.yangbaoyuan.conf:1
2023/06/16 11:43:30 [emerg] 1#1: unknown directive "erver" in /etc/nginx/conf.d/gitlab.yangbaoyuan.conf:1
2023/06/16 11:44:22 [emerg] 1#1: unknown directive "erver" in /etc/nginx/conf.d/gitlab.yangbaoyuan.conf:1
2023/06/16 11:45:22 [emerg] 1#1: unknown directive "erver" in /etc/nginx/conf.d/gitlab.yangbaoyuan.conf:1
2023/06/16 11:46:23 [emerg] 1#1: unknown directive "erver" in /etc/nginx/conf.d/gitlab.yangbaoyuan.conf:1
2023/06/16 11:47:23 [emerg] 1#1: unknown directive "erver" in /etc/nginx/conf.d/gitlab.yangbaoyuan.conf:1
2023/06/16 11:48:23 [emerg] 1#1: unknown directive "erver" in /etc/nginx/conf.d/gitlab.yangbaoyuan.conf:1
2023/06/16 11:49:24 [emerg] 1#1: invalid number of arguments in "ssl_ciphers" directive in /etc/nginx/conf.d/gitlab.yangbaoyuan.conf:21
2023/06/16 11:49:29 [emerg] 1#1: invalid number of arguments in "ssl_ciphers" directive in /etc/nginx/conf.d/gitlab.yangbaoyuan.conf:21
2023/06/16 11:49:29 [emerg] 1#1: invalid number of arguments in "ssl_ciphers" directive in /etc/nginx/conf.d/gitlab.yangbaoyuan.conf:21
2023/06/16 11:49:30 [emerg] 1#1: invalid number of arguments in "ssl_ciphers" directive in /etc/nginx/conf.d/gitlab.yangbaoyuan.conf:21
2023/06/16 11:49:30 [emerg] 1#1: invalid number of arguments in "ssl_ciphers" directive in /etc/nginx/conf.d/gitlab.yangbaoyuan.conf:21
2023/06/16 11:49:31 [emerg] 1#1: invalid number of arguments in "ssl_ciphers" directive in /etc/nginx/conf.d/gitlab.yangbaoyuan.conf:21
2023/06/16 11:49:33 [emerg] 1#1: invalid number of arguments in "ssl_ciphers" directive in /etc/nginx/conf.d/gitlab.yangbaoyuan.conf:21
2023/06/16 11:49:37 [emerg] 1#1: invalid number of arguments in "ssl_ciphers" directive in /etc/nginx/conf.d/gitlab.yangbaoyuan.conf:21
2023/06/16 11:49:43 [emerg] 1#1: invalid number of arguments in "ssl_ciphers" directive in /etc/nginx/conf.d/gitlab.yangbaoyuan.conf:21
2023/06/16 11:49:57 [emerg] 1#1: invalid number of arguments in "ssl_ciphers" directive in /etc/nginx/conf.d/gitlab.yangbaoyuan.conf:21
2023/06/16 11:50:22 [emerg] 1#1: invalid number of arguments in "ssl_ciphers" directive in /etc/nginx/conf.d/gitlab.yangbaoyuan.conf:21
2023/06/16 11:51:14 [emerg] 1#1: invalid number of arguments in "ssl_ciphers" directive in /etc/nginx/conf.d/gitlab.yangbaoyuan.conf:21
2023/06/16 11:52:14 [emerg] 1#1: invalid number of arguments in "ssl_ciphers" directive in /etc/nginx/conf.d/gitlab.yangbaoyuan.conf:21
2023/06/16 11:53:15 [emerg] 1#1: invalid number of arguments in "ssl_ciphers" directive in /etc/nginx/conf.d/gitlab.yangbaoyuan.conf:21
2023/06/16 11:54:15 [emerg] 1#1: invalid number of arguments in "ssl_ciphers" directive in /etc/nginx/conf.d/gitlab.yangbaoyuan.conf:21
2023/07/01 03:22:37 [emerg] 1#1: cannot load certificate "/data/admin/etc/ssl/admin.yangbaoyuan.cn.crt": BIO_new_file() failed (SSL: error:02001002:system library:fopen:No such file or directory:fopen('/data/admin/etc/ssl/admin.yangbaoyuan.cn.crt','r') error:2006D080:BIO routines:BIO_new_file:no such file)
2023/07/01 03:22:38 [emerg] 1#1: cannot load certificate "/data/admin/etc/ssl/admin.yangbaoyuan.cn.crt": BIO_new_file() failed (SSL: error:02001002:system library:fopen:No such file or directory:fopen('/data/admin/etc/ssl/admin.yangbaoyuan.cn.crt','r') error:2006D080:BIO routines:BIO_new_file:no such file)
2023/07/01 03:22:38 [emerg] 1#1: cannot load certificate "/data/admin/etc/ssl/admin.yangbaoyuan.cn.crt": BIO_new_file() failed (SSL: error:02001002:system library:fopen:No such file or directory:fopen('/data/admin/etc/ssl/admin.yangbaoyuan.cn.crt','r') error:2006D080:BIO routines:BIO_new_file:no such file)
2023/07/01 03:22:39 [emerg] 1#1: cannot load certificate "/data/admin/etc/ssl/admin.yangbaoyuan.cn.crt": BIO_new_file() failed (SSL: error:02001002:system library:fopen:No such file or directory:fopen('/data/admin/etc/ssl/admin.yangbaoyuan.cn.crt','r') error:2006D080:BIO routines:BIO_new_file:no such file)
2023/07/01 03:22:40 [emerg] 1#1: cannot load certificate "/data/admin/etc/ssl/admin.yangbaoyuan.cn.crt": BIO_new_file() failed (SSL: error:02001002:system library:fopen:No such file or directory:fopen('/data/admin/etc/ssl/admin.yangbaoyuan.cn.crt','r') error:2006D080:BIO routines:BIO_new_file:no such file)
2023/07/01 03:22:42 [emerg] 1#1: cannot load certificate "/data/admin/etc/ssl/admin.yangbaoyuan.cn.crt": BIO_new_file() failed (SSL: error:02001002:system library:fopen:No such file or directory:fopen('/data/admin/etc/ssl/admin.yangbaoyuan.cn.crt','r') error:2006D080:BIO routines:BIO_new_file:no such file)
2023/07/01 03:22:46 [emerg] 1#1: cannot load certificate "/data/admin/etc/ssl/admin.yangbaoyuan.cn.crt": BIO_new_file() failed (SSL: error:02001002:system library:fopen:No such file or directory:fopen('/data/admin/etc/ssl/admin.yangbaoyuan.cn.crt','r') error:2006D080:BIO routines:BIO_new_file:no such file)
2023/07/01 03:22:53 [emerg] 1#1: cannot load certificate "/data/admin/etc/ssl/admin.yangbaoyuan.cn.crt": BIO_new_file() failed (SSL: error:02001002:system library:fopen:No such file or directory:fopen('/data/admin/etc/ssl/admin.yangbaoyuan.cn.crt','r') error:2006D080:BIO routines:BIO_new_file:no such file)
2023/07/01 03:23:06 [emerg] 1#1: cannot load certificate "/data/admin/etc/ssl/admin.yangbaoyuan.cn.crt": BIO_new_file() failed (SSL: error:02001002:system library:fopen:No such file or directory:fopen('/data/admin/etc/ssl/admin.yangbaoyuan.cn.crt','r') error:2006D080:BIO routines:BIO_new_file:no such file)
2023/07/01 03:25:33 [emerg] 1#1: cannot load certificate "/data/admin/etc/ssl/admin.yangbaoyuan.cn.crt": BIO_new_file() failed (SSL: error:02001002:system library:fopen:No such file or directory:fopen('/data/admin/etc/ssl/admin.yangbaoyuan.cn.crt','r') error:2006D080:BIO routines:BIO_new_file:no such file)
2023/07/01 03:25:34 [emerg] 1#1: cannot load certificate "/data/admin/etc/ssl/admin.yangbaoyuan.cn.crt": BIO_new_file() failed (SSL: error:02001002:system library:fopen:No such file or directory:fopen('/data/admin/etc/ssl/admin.yangbaoyuan.cn.crt','r') error:2006D080:BIO routines:BIO_new_file:no such file)
2023/07/01 03:25:35 [emerg] 1#1: cannot load certificate "/data/admin/etc/ssl/admin.yangbaoyuan.cn.crt": BIO_new_file() failed (SSL: error:02001002:system library:fopen:No such file or directory:fopen('/data/admin/etc/ssl/admin.yangbaoyuan.cn.crt','r') error:2006D080:BIO routines:BIO_new_file:no such file)
2023/07/01 03:25:35 [emerg] 1#1: cannot load certificate "/data/admin/etc/ssl/admin.yangbaoyuan.cn.crt": BIO_new_file() failed (SSL: error:02001002:system library:fopen:No such file or directory:fopen('/data/admin/etc/ssl/admin.yangbaoyuan.cn.crt','r') error:2006D080:BIO routines:BIO_new_file:no such file)
2023/07/01 03:25:37 [emerg] 1#1: cannot load certificate "/data/admin/etc/ssl/admin.yangbaoyuan.cn.crt": BIO_new_file() failed (SSL: error:02001002:system library:fopen:No such file or directory:fopen('/data/admin/etc/ssl/admin.yangbaoyuan.cn.crt','r') error:2006D080:BIO routines:BIO_new_file:no such file)
2023/07/01 03:25:39 [emerg] 1#1: cannot load certificate "/data/admin/etc/ssl/admin.yangbaoyuan.cn.crt": BIO_new_file() failed (SSL: error:02001002:system library:fopen:No such file or directory:fopen('/data/admin/etc/ssl/admin.yangbaoyuan.cn.crt','r') error:2006D080:BIO routines:BIO_new_file:no such file)
2023/07/01 03:25:42 [emerg] 1#1: cannot load certificate "/data/admin/etc/ssl/admin.yangbaoyuan.cn.crt": BIO_new_file() failed (SSL: error:02001002:system library:fopen:No such file or directory:fopen('/data/admin/etc/ssl/admin.yangbaoyuan.cn.crt','r') error:2006D080:BIO routines:BIO_new_file:no such file)
2023/07/01 03:25:49 [emerg] 1#1: cannot load certificate "/data/admin/etc/ssl/admin.yangbaoyuan.cn.crt": BIO_new_file() failed (SSL: error:02001002:system library:fopen:No such file or directory:fopen('/data/admin/etc/ssl/admin.yangbaoyuan.cn.crt','r') error:2006D080:BIO routines:BIO_new_file:no such file)
2023/07/01 03:26:02 [emerg] 1#1: cannot load certificate "/data/admin/etc/ssl/admin.yangbaoyuan.cn.crt": BIO_new_file() failed (SSL: error:02001002:system library:fopen:No such file or directory:fopen('/data/admin/etc/ssl/admin.yangbaoyuan.cn.crt','r') error:2006D080:BIO routines:BIO_new_file:no such file)
2023/07/01 03:26:28 [emerg] 1#1: cannot load certificate "/data/admin/etc/ssl/admin.yangbaoyuan.cn.crt": BIO_new_file() failed (SSL: error:02001002:system library:fopen:No such file or directory:fopen('/data/admin/etc/ssl/admin.yangbaoyuan.cn.crt','r') error:2006D080:BIO routines:BIO_new_file:no such file)
2023/07/01 03:27:20 [emerg] 1#1: cannot load certificate "/data/admin/etc/ssl/admin.yangbaoyuan.cn.crt": BIO_new_file() failed (SSL: error:02001002:system library:fopen:No such file or directory:fopen('/data/admin/etc/ssl/admin.yangbaoyuan.cn.crt','r') error:2006D080:BIO routines:BIO_new_file:no such file)
2023/07/01 03:28:21 [emerg] 1#1: cannot load certificate "/data/admin/etc/ssl/admin.yangbaoyuan.cn.crt": BIO_new_file() failed (SSL: error:02001002:system library:fopen:No such file or directory:fopen('/data/admin/etc/ssl/admin.yangbaoyuan.cn.crt','r') error:2006D080:BIO routines:BIO_new_file:no such file)
2023/07/01 03:29:21 [emerg] 1#1: cannot load certificate "/data/admin/etc/ssl/admin.yangbaoyuan.cn.crt": BIO_new_file() failed (SSL: error:02001002:system library:fopen:No such file or directory:fopen('/data/admin/etc/ssl/admin.yangbaoyuan.cn.crt','r') error:2006D080:BIO routines:BIO_new_file:no such file)
2023/07/01 03:30:22 [emerg] 1#1: cannot load certificate "/data/admin/etc/ssl/admin.yangbaoyuan.cn.crt": BIO_new_file() failed (SSL: error:02001002:system library:fopen:No such file or directory:fopen('/data/admin/etc/ssl/admin.yangbaoyuan.cn.crt','r') error:2006D080:BIO routines:BIO_new_file:no such file)
2023/07/01 03:31:22 [emerg] 1#1: cannot load certificate "/data/admin/etc/ssl/admin.yangbaoyuan.cn.crt": BIO_new_file() failed (SSL: error:02001002:system library:fopen:No such file or directory:fopen('/data/admin/etc/ssl/admin.yangbaoyuan.cn.crt','r') error:2006D080:BIO routines:BIO_new_file:no such file)
2023/07/01 03:32:22 [emerg] 1#1: cannot load certificate "/data/admin/etc/ssl/admin.yangbaoyuan.cn.crt": BIO_new_file() failed (SSL: error:02001002:system library:fopen:No such file or directory:fopen('/data/admin/etc/ssl/admin.yangbaoyuan.cn.crt','r') error:2006D080:BIO routines:BIO_new_file:no such file)
2023/07/01 03:33:23 [emerg] 1#1: cannot load certificate "/data/admin/etc/ssl/admin.yangbaoyuan.cn.crt": BIO_new_file() failed (SSL: error:02001002:system library:fopen:No such file or directory:fopen('/data/admin/etc/ssl/admin.yangbaoyuan.cn.crt','r') error:2006D080:BIO routines:BIO_new_file:no such file)
2023/07/01 03:34:34 [emerg] 1#1: cannot load certificate "/data/ssl/admin/admin.yangbaoyuan.cn.crt": BIO_new_file() failed (SSL: error:02001002:system library:fopen:No such file or directory:fopen('/data/ssl/admin/admin.yangbaoyuan.cn.crt','r') error:2006D080:BIO routines:BIO_new_file:no such file)
2023/07/01 03:34:35 [emerg] 1#1: cannot load certificate "/data/ssl/admin/admin.yangbaoyuan.cn.crt": BIO_new_file() failed (SSL: error:02001002:system library:fopen:No such file or directory:fopen('/data/ssl/admin/admin.yangbaoyuan.cn.crt','r') error:2006D080:BIO routines:BIO_new_file:no such file)
2023/07/01 03:34:35 [emerg] 1#1: cannot load certificate "/data/ssl/admin/admin.yangbaoyuan.cn.crt": BIO_new_file() failed (SSL: error:02001002:system library:fopen:No such file or directory:fopen('/data/ssl/admin/admin.yangbaoyuan.cn.crt','r') error:2006D080:BIO routines:BIO_new_file:no such file)
2023/07/01 03:34:36 [emerg] 1#1: cannot load certificate "/data/ssl/admin/admin.yangbaoyuan.cn.crt": BIO_new_file() failed (SSL: error:02001002:system library:fopen:No such file or directory:fopen('/data/ssl/admin/admin.yangbaoyuan.cn.crt','r') error:2006D080:BIO routines:BIO_new_file:no such file)
2023/07/01 03:34:37 [emerg] 1#1: cannot load certificate "/data/ssl/admin/admin.yangbaoyuan.cn.crt": BIO_new_file() failed (SSL: error:02001002:system library:fopen:No such file or directory:fopen('/data/ssl/admin/admin.yangbaoyuan.cn.crt','r') error:2006D080:BIO routines:BIO_new_file:no such file)
2023/07/01 03:34:39 [emerg] 1#1: cannot load certificate "/data/ssl/admin/admin.yangbaoyuan.cn.crt": BIO_new_file() failed (SSL: error:02001002:system library:fopen:No such file or directory:fopen('/data/ssl/admin/admin.yangbaoyuan.cn.crt','r') error:2006D080:BIO routines:BIO_new_file:no such file)
2023/07/01 03:34:43 [emerg] 1#1: cannot load certificate "/data/ssl/admin/admin.yangbaoyuan.cn.crt": BIO_new_file() failed (SSL: error:02001002:system library:fopen:No such file or directory:fopen('/data/ssl/admin/admin.yangbaoyuan.cn.crt','r') error:2006D080:BIO routines:BIO_new_file:no such file)
2023/07/01 03:34:50 [emerg] 1#1: cannot load certificate "/data/ssl/admin/admin.yangbaoyuan.cn.crt": BIO_new_file() failed (SSL: error:02001002:system library:fopen:No such file or directory:fopen('/data/ssl/admin/admin.yangbaoyuan.cn.crt','r') error:2006D080:BIO routines:BIO_new_file:no such file)
2023/07/01 03:35:03 [emerg] 1#1: cannot load certificate "/data/ssl/admin/admin.yangbaoyuan.cn.crt": BIO_new_file() failed (SSL: error:02001002:system library:fopen:No such file or directory:fopen('/data/ssl/admin/admin.yangbaoyuan.cn.crt','r') error:2006D080:BIO routines:BIO_new_file:no such file)
2023/07/01 03:35:29 [emerg] 1#1: cannot load certificate "/data/ssl/admin/admin.yangbaoyuan.cn.crt": BIO_new_file() failed (SSL: error:02001002:system library:fopen:No such file or directory:fopen('/data/ssl/admin/admin.yangbaoyuan.cn.crt','r') error:2006D080:BIO routines:BIO_new_file:no such file)
2023/07/01 03:36:21 [emerg] 1#1: cannot load certificate "/data/ssl/admin/admin.yangbaoyuan.cn.crt": BIO_new_file() failed (SSL: error:02001002:system library:fopen:No such file or directory:fopen('/data/ssl/admin/admin.yangbaoyuan.cn.crt','r') error:2006D080:BIO routines:BIO_new_file:no such file)
2023/07/14 11:14:55 [emerg] 1#1: host not found in upstream "gitlab" in /etc/nginx/conf.d/gitlab.yangbaoyuan.conf:33
2023/07/14 11:14:56 [emerg] 1#1: host not found in upstream "gitlab" in /etc/nginx/conf.d/gitlab.yangbaoyuan.conf:33
2023/07/14 11:14:57 [emerg] 1#1: host not found in upstream "gitlab" in /etc/nginx/conf.d/gitlab.yangbaoyuan.conf:33
2023/07/14 11:14:58 [emerg] 1#1: host not found in upstream "gitlab" in /etc/nginx/conf.d/gitlab.yangbaoyuan.conf:33
2023/07/14 11:14:59 [emerg] 1#1: host not found in upstream "gitlab" in /etc/nginx/conf.d/gitlab.yangbaoyuan.conf:33
2023/07/14 11:15:01 [emerg] 1#1: host not found in upstream "gitlab" in /etc/nginx/conf.d/gitlab.yangbaoyuan.conf:33
2023/07/14 11:15:05 [emerg] 1#1: host not found in upstream "gitlab" in /etc/nginx/conf.d/gitlab.yangbaoyuan.conf:33
2023/07/14 11:15:11 [emerg] 1#1: host not found in upstream "gitlab" in /etc/nginx/conf.d/gitlab.yangbaoyuan.conf:33
2023/07/14 11:15:25 [emerg] 1#1: host not found in upstream "gitlab" in /etc/nginx/conf.d/gitlab.yangbaoyuan.conf:33
2023/07/14 11:15:51 [emerg] 1#1: host not found in upstream "gitlab" in /etc/nginx/conf.d/gitlab.yangbaoyuan.conf:33
2023/07/14 11:16:42 [emerg] 1#1: host not found in upstream "gitlab" in /etc/nginx/conf.d/gitlab.yangbaoyuan.conf:33
2023/07/14 11:17:43 [emerg] 1#1: host not found in upstream "gitlab" in /etc/nginx/conf.d/gitlab.yangbaoyuan.conf:33
2023/07/14 11:18:43 [emerg] 1#1: host not found in upstream "gitlab" in /etc/nginx/conf.d/gitlab.yangbaoyuan.conf:33
2023/07/14 11:19:43 [emerg] 1#1: host not found in upstream "gitlab" in /etc/nginx/conf.d/gitlab.yangbaoyuan.conf:33
2023/07/14 11:20:44 [emerg] 1#1: host not found in upstream "gitlab" in /etc/nginx/conf.d/gitlab.yangbaoyuan.conf:33
2023/07/14 11:21:44 [emerg] 1#1: host not found in upstream "gitlab" in /etc/nginx/conf.d/gitlab.yangbaoyuan.conf:33
2023/07/14 11:22:44 [emerg] 1#1: host not found in upstream "gitlab" in /etc/nginx/conf.d/gitlab.yangbaoyuan.conf:33
2023/07/14 11:23:44 [emerg] 1#1: host not found in upstream "gitlab" in /etc/nginx/conf.d/gitlab.yangbaoyuan.conf:33
2023/07/14 11:24:45 [emerg] 1#1: host not found in upstream "gitlab" in /etc/nginx/conf.d/gitlab.yangbaoyuan.conf:33
2023/07/14 11:25:45 [emerg] 1#1: host not found in upstream "gitlab" in /etc/nginx/conf.d/gitlab.yangbaoyuan.conf:33
2023/07/14 11:26:45 [emerg] 1#1: host not found in upstream "gitlab" in /etc/nginx/conf.d/gitlab.yangbaoyuan.conf:33
2023/07/14 11:27:46 [emerg] 1#1: host not found in upstream "gitlab" in /etc/nginx/conf.d/gitlab.yangbaoyuan.conf:33
2023/07/14 11:28:46 [emerg] 1#1: host not found in upstream "gitlab" in /etc/nginx/conf.d/gitlab.yangbaoyuan.conf:33
2023/07/14 11:29:46 [emerg] 1#1: host not found in upstream "gitlab" in /etc/nginx/conf.d/gitlab.yangbaoyuan.conf:33
2023/07/14 11:30:47 [emerg] 1#1: host not found in upstream "gitlab" in /etc/nginx/conf.d/gitlab.yangbaoyuan.conf:33
2023/07/14 11:31:47 [emerg] 1#1: host not found in upstream "gitlab" in /etc/nginx/conf.d/gitlab.yangbaoyuan.conf:33
2023/07/14 11:32:47 [emerg] 1#1: host not found in upstream "gitlab" in /etc/nginx/conf.d/gitlab.yangbaoyuan.conf:33
2023/07/14 11:33:48 [emerg] 1#1: host not found in upstream "gitlab" in /etc/nginx/conf.d/gitlab.yangbaoyuan.conf:33
2023/07/14 11:34:48 [emerg] 1#1: host not found in upstream "gitlab" in /etc/nginx/conf.d/gitlab.yangbaoyuan.conf:33
2023/07/14 11:35:48 [emerg] 1#1: host not found in upstream "gitlab" in /etc/nginx/conf.d/gitlab.yangbaoyuan.conf:33
2023/07/14 11:36:48 [emerg] 1#1: host not found in upstream "gitlab" in /etc/nginx/conf.d/gitlab.yangbaoyuan.conf:33
2023/07/14 11:37:49 [emerg] 1#1: host not found in upstream "gitlab" in /etc/nginx/conf.d/gitlab.yangbaoyuan.conf:33
2023/07/14 11:38:49 [emerg] 1#1: host not found in upstream "gitlab" in /etc/nginx/conf.d/gitlab.yangbaoyuan.conf:33
2023/07/14 11:39:49 [emerg] 1#1: host not found in upstream "gitlab" in /etc/nginx/conf.d/gitlab.yangbaoyuan.conf:33
2023/07/14 11:40:50 [emerg] 1#1: host not found in upstream "gitlab" in /etc/nginx/conf.d/gitlab.yangbaoyuan.conf:33
2023/07/14 11:41:50 [emerg] 1#1: host not found in upstream "gitlab" in /etc/nginx/conf.d/gitlab.yangbaoyuan.conf:33
2023/07/14 11:42:50 [emerg] 1#1: host not found in upstream "gitlab" in /etc/nginx/conf.d/gitlab.yangbaoyuan.conf:33
2023/07/14 11:43:51 [emerg] 1#1: host not found in upstream "gitlab" in /etc/nginx/conf.d/gitlab.yangbaoyuan.conf:33
2023/07/14 11:44:51 [emerg] 1#1: host not found in upstream "gitlab" in /etc/nginx/conf.d/gitlab.yangbaoyuan.conf:33
2023/07/14 11:45:51 [emerg] 1#1: host not found in upstream "gitlab" in /etc/nginx/conf.d/gitlab.yangbaoyuan.conf:33
2023/07/14 11:46:52 [emerg] 1#1: host not found in upstream "gitlab" in /etc/nginx/conf.d/gitlab.yangbaoyuan.conf:33
2023/07/14 11:47:52 [emerg] 1#1: host not found in upstream "gitlab" in /etc/nginx/conf.d/gitlab.yangbaoyuan.conf:33
2023/07/14 11:48:52 [emerg] 1#1: host not found in upstream "gitlab" in /etc/nginx/conf.d/gitlab.yangbaoyuan.conf:33
2023/07/14 11:49:52 [emerg] 1#1: host not found in upstream "gitlab" in /etc/nginx/conf.d/gitlab.yangbaoyuan.conf:33
2023/07/14 11:50:53 [emerg] 1#1: host not found in upstream "gitlab" in /etc/nginx/conf.d/gitlab.yangbaoyuan.conf:33
2023/07/14 11:51:53 [emerg] 1#1: host not found in upstream "gitlab" in /etc/nginx/conf.d/gitlab.yangbaoyuan.conf:33
2023/07/14 11:52:53 [emerg] 1#1: host not found in upstream "gitlab" in /etc/nginx/conf.d/gitlab.yangbaoyuan.conf:33
2023/07/14 11:53:54 [emerg] 1#1: host not found in upstream "gitlab" in /etc/nginx/conf.d/gitlab.yangbaoyuan.conf:33
2023/07/14 11:54:54 [emerg] 1#1: host not found in upstream "gitlab" in /etc/nginx/conf.d/gitlab.yangbaoyuan.conf:33
2023/07/14 11:55:54 [emerg] 1#1: host not found in upstream "gitlab" in /etc/nginx/conf.d/gitlab.yangbaoyuan.conf:33
2023/07/14 11:56:55 [emerg] 1#1: host not found in upstream "gitlab" in /etc/nginx/conf.d/gitlab.yangbaoyuan.conf:33
2023/07/14 11:57:55 [emerg] 1#1: host not found in upstream "gitlab" in /etc/nginx/conf.d/gitlab.yangbaoyuan.conf:33
2023/07/14 11:58:55 [emerg] 1#1: host not found in upstream "gitlab" in /etc/nginx/conf.d/gitlab.yangbaoyuan.conf:33
2023/07/14 11:59:56 [emerg] 1#1: host not found in upstream "gitlab" in /etc/nginx/conf.d/gitlab.yangbaoyuan.conf:33
2023/07/14 12:00:56 [emerg] 1#1: host not found in upstream "gitlab" in /etc/nginx/conf.d/gitlab.yangbaoyuan.conf:33
2023/07/14 12:01:56 [emerg] 1#1: host not found in upstream "gitlab" in /etc/nginx/conf.d/gitlab.yangbaoyuan.conf:33
2023/07/14 12:02:57 [emerg] 1#1: host not found in upstream "gitlab" in /etc/nginx/conf.d/gitlab.yangbaoyuan.conf:33
2023/07/14 12:03:57 [emerg] 1#1: host not found in upstream "gitlab" in /etc/nginx/conf.d/gitlab.yangbaoyuan.conf:33
2023/07/14 12:04:57 [emerg] 1#1: host not found in upstream "gitlab" in /etc/nginx/conf.d/gitlab.yangbaoyuan.conf:33
2023/07/14 12:05:58 [emerg] 1#1: host not found in upstream "gitlab" in /etc/nginx/conf.d/gitlab.yangbaoyuan.conf:33
2023/07/14 12:06:58 [emerg] 1#1: host not found in upstream "gitlab" in /etc/nginx/conf.d/gitlab.yangbaoyuan.conf:33
2023/07/14 12:07:58 [emerg] 1#1: host not found in upstream "gitlab" in /etc/nginx/conf.d/gitlab.yangbaoyuan.conf:33
2023/07/14 12:08:58 [emerg] 1#1: host not found in upstream "gitlab" in /etc/nginx/conf.d/gitlab.yangbaoyuan.conf:33
2023/07/14 12:09:59 [emerg] 1#1: host not found in upstream "gitlab" in /etc/nginx/conf.d/gitlab.yangbaoyuan.conf:33
2023/07/14 12:10:59 [emerg] 1#1: host not found in upstream "gitlab" in /etc/nginx/conf.d/gitlab.yangbaoyuan.conf:33
2023/07/14 12:11:59 [emerg] 1#1: host not found in upstream "gitlab" in /etc/nginx/conf.d/gitlab.yangbaoyuan.conf:33
2023/07/14 12:13:00 [emerg] 1#1: host not found in upstream "gitlab" in /etc/nginx/conf.d/gitlab.yangbaoyuan.conf:33
2023/07/14 12:14:00 [emerg] 1#1: host not found in upstream "gitlab" in /etc/nginx/conf.d/gitlab.yangbaoyuan.conf:33
2023/07/14 12:15:00 [emerg] 1#1: host not found in upstream "gitlab" in /etc/nginx/conf.d/gitlab.yangbaoyuan.conf:33
2023/07/14 12:16:01 [emerg] 1#1: host not found in upstream "gitlab" in /etc/nginx/conf.d/gitlab.yangbaoyuan.conf:33
2023/07/14 12:17:01 [emerg] 1#1: host not found in upstream "gitlab" in /etc/nginx/conf.d/gitlab.yangbaoyuan.conf:33
2023/07/14 12:18:01 [emerg] 1#1: host not found in upstream "gitlab" in /etc/nginx/conf.d/gitlab.yangbaoyuan.conf:33
2023/07/14 12:19:02 [emerg] 1#1: host not found in upstream "gitlab" in /etc/nginx/conf.d/gitlab.yangbaoyuan.conf:33
2023/07/14 12:20:02 [emerg] 1#1: host not found in upstream "gitlab" in /etc/nginx/conf.d/gitlab.yangbaoyuan.conf:33
2023/07/14 12:21:02 [emerg] 1#1: host not found in upstream "gitlab" in /etc/nginx/conf.d/gitlab.yangbaoyuan.conf:33
2023/07/14 12:22:02 [emerg] 1#1: host not found in upstream "gitlab" in /etc/nginx/conf.d/gitlab.yangbaoyuan.conf:33
2023/07/14 12:23:03 [emerg] 1#1: host not found in upstream "gitlab" in /etc/nginx/conf.d/gitlab.yangbaoyuan.conf:33
2023/07/14 12:24:03 [emerg] 1#1: host not found in upstream "gitlab" in /etc/nginx/conf.d/gitlab.yangbaoyuan.conf:33
2023/07/14 12:25:03 [emerg] 1#1: host not found in upstream "gitlab" in /etc/nginx/conf.d/gitlab.yangbaoyuan.conf:33
2023/07/14 12:26:04 [emerg] 1#1: host not found in upstream "gitlab" in /etc/nginx/conf.d/gitlab.yangbaoyuan.conf:33
2023/07/14 12:27:04 [emerg] 1#1: host not found in upstream "gitlab" in /etc/nginx/conf.d/gitlab.yangbaoyuan.conf:33
2023/07/14 12:28:04 [emerg] 1#1: host not found in upstream "gitlab" in /etc/nginx/conf.d/gitlab.yangbaoyuan.conf:33
2023/07/14 12:29:05 [emerg] 1#1: host not found in upstream "gitlab" in /etc/nginx/conf.d/gitlab.yangbaoyuan.conf:33
2023/07/14 12:30:05 [emerg] 1#1: host not found in upstream "gitlab" in /etc/nginx/conf.d/gitlab.yangbaoyuan.conf:33
2023/07/14 12:31:05 [emerg] 1#1: host not found in upstream "gitlab" in /etc/nginx/conf.d/gitlab.yangbaoyuan.conf:33
2023/07/14 12:32:05 [emerg] 1#1: host not found in upstream "gitlab" in /etc/nginx/conf.d/gitlab.yangbaoyuan.conf:33
2023/07/14 12:33:06 [emerg] 1#1: host not found in upstream "gitlab" in /etc/nginx/conf.d/gitlab.yangbaoyuan.conf:33
2023/07/14 12:34:06 [emerg] 1#1: host not found in upstream "gitlab" in /etc/nginx/conf.d/gitlab.yangbaoyuan.conf:33
2023/07/14 12:35:07 [emerg] 1#1: host not found in upstream "gitlab" in /etc/nginx/conf.d/gitlab.yangbaoyuan.conf:33
2023/07/14 12:36:07 [emerg] 1#1: host not found in upstream "gitlab" in /etc/nginx/conf.d/gitlab.yangbaoyuan.conf:33
2023/07/14 12:37:07 [emerg] 1#1: host not found in upstream "gitlab" in /etc/nginx/conf.d/gitlab.yangbaoyuan.conf:33
2023/07/14 12:38:08 [emerg] 1#1: host not found in upstream "gitlab" in /etc/nginx/conf.d/gitlab.yangbaoyuan.conf:33
2023/07/14 12:39:08 [emerg] 1#1: host not found in upstream "gitlab" in /etc/nginx/conf.d/gitlab.yangbaoyuan.conf:33
2023/07/14 12:40:08 [emerg] 1#1: host not found in upstream "gitlab" in /etc/nginx/conf.d/gitlab.yangbaoyuan.conf:33
2023/07/14 12:41:08 [emerg] 1#1: host not found in upstream "gitlab" in /etc/nginx/conf.d/gitlab.yangbaoyuan.conf:33
2023/07/14 12:42:09 [emerg] 1#1: host not found in upstream "gitlab" in /etc/nginx/conf.d/gitlab.yangbaoyuan.conf:33
2023/07/14 12:43:09 [emerg] 1#1: host not found in upstream "gitlab" in /etc/nginx/conf.d/gitlab.yangbaoyuan.conf:33
2023/07/14 12:44:10 [emerg] 1#1: host not found in upstream "gitlab" in /etc/nginx/conf.d/gitlab.yangbaoyuan.conf:33
2023/07/14 12:45:10 [emerg] 1#1: host not found in upstream "gitlab" in /etc/nginx/conf.d/gitlab.yangbaoyuan.conf:33
2023/07/14 12:46:10 [emerg] 1#1: host not found in upstream "gitlab" in /etc/nginx/conf.d/gitlab.yangbaoyuan.conf:33
2023/07/14 12:47:10 [emerg] 1#1: host not found in upstream "gitlab" in /etc/nginx/conf.d/gitlab.yangbaoyuan.conf:33
2023/07/14 12:48:11 [emerg] 1#1: host not found in upstream "gitlab" in /etc/nginx/conf.d/gitlab.yangbaoyuan.conf:33
2023/07/14 12:49:11 [emerg] 1#1: host not found in upstream "gitlab" in /etc/nginx/conf.d/gitlab.yangbaoyuan.conf:33
2023/07/14 12:50:11 [emerg] 1#1: host not found in upstream "gitlab" in /etc/nginx/conf.d/gitlab.yangbaoyuan.conf:33
2023/07/14 12:51:12 [emerg] 1#1: host not found in upstream "gitlab" in /etc/nginx/conf.d/gitlab.yangbaoyuan.conf:33
2023/07/14 12:52:12 [emerg] 1#1: host not found in upstream "gitlab" in /etc/nginx/conf.d/gitlab.yangbaoyuan.conf:33
2023/07/14 12:53:12 [emerg] 1#1: host not found in upstream "gitlab" in /etc/nginx/conf.d/gitlab.yangbaoyuan.conf:33
2023/07/14 12:54:13 [emerg] 1#1: host not found in upstream "gitlab" in /etc/nginx/conf.d/gitlab.yangbaoyuan.conf:33
2023/07/14 12:55:13 [emerg] 1#1: host not found in upstream "gitlab" in /etc/nginx/conf.d/gitlab.yangbaoyuan.conf:33
2023/07/14 12:56:13 [emerg] 1#1: host not found in upstream "gitlab" in /etc/nginx/conf.d/gitlab.yangbaoyuan.conf:33
2023/07/14 12:57:14 [emerg] 1#1: host not found in upstream "gitlab" in /etc/nginx/conf.d/gitlab.yangbaoyuan.conf:33
2023/07/14 12:58:14 [emerg] 1#1: host not found in upstream "gitlab" in /etc/nginx/conf.d/gitlab.yangbaoyuan.conf:33
2023/07/14 12:59:14 [emerg] 1#1: host not found in upstream "gitlab" in /etc/nginx/conf.d/gitlab.yangbaoyuan.conf:33
2023/07/14 13:00:14 [emerg] 1#1: host not found in upstream "gitlab" in /etc/nginx/conf.d/gitlab.yangbaoyuan.conf:33
2023/07/14 13:01:15 [emerg] 1#1: host not found in upstream "gitlab" in /etc/nginx/conf.d/gitlab.yangbaoyuan.conf:33
2023/07/14 13:02:15 [emerg] 1#1: host not found in upstream "gitlab" in /etc/nginx/conf.d/gitlab.yangbaoyuan.conf:33
2023/07/14 13:03:15 [emerg] 1#1: host not found in upstream "gitlab" in /etc/nginx/conf.d/gitlab.yangbaoyuan.conf:33
